2023-03-05 10:29:34.054 *nis* Log session started.
2023-03-05 10:29:34.054 *nis* 29c8 RDTSC instruction NOT present.
2023-03-05 10:29:34.180 *nis* 29c8 UpdateDDBObjectives() : Start.
2023-03-05 10:29:34.180 *nis* 29c8 UpdateDDBObjectives() : End(2).
2023-03-05 10:29:34.200 *nis* 29c8 WinMain() - Phase #00 (application start) - 10:29:34 - 313.13
2023-03-05 10:29:34.503 *nis* 29c8 Qt Warning: Attribute Qt::AA_ShareOpenGLContexts must be set before QCoreApplication is created.
2023-03-05 10:29:34.503 *nis* 29c8 ParseCommandLine() : C:\Program Files\NIS-Elements\nis_ar.exe
2023-03-05 10:29:34.504 *nis* 29c8 CLxSchedulerSupport::GetRegistryValueString read SocketName: 
2023-03-05 10:29:34.504 *nis* 29c8 ENTERING 'CLxRTTI::loadCatalog'
2023-03-05 10:29:34.527 *nis* 29c8 LEAVING  'CLxRTTI::loadCatalog' 23.0ms spent inside
2023-03-05 10:29:34.527 *nis* 29c8 ENTERING 'CLxRTTI::updateCatalog'
2023-03-05 10:29:34.577 *nis* 29c8 ENTERING 'CLxRTTI::saveCatalog'
2023-03-05 10:29:34.578 *nis* 29c8 Saving RTTI cache
2023-03-05 10:29:34.584 *nis* 29c8 LEAVING  'CLxRTTI::saveCatalog' 7.0ms spent inside
2023-03-05 10:29:34.584 *nis* 29c8 LEAVING  'CLxRTTI::updateCatalog' 57.0ms spent inside
2023-03-05 10:29:34.586 *nis* 29c8 LX_LoadLibrary("C:\Program Files\NIS-Elements\v6_gnr_serializer_xml.dll") : OK
2023-03-05 10:29:34.587 *nis* 29c8 IPCServer: Main thread awaiting client connection on \\.\pipe\NIS_ELEMENTS_ARE_RUNNING
2023-03-05 10:29:34.590 *nis* 29c8 BIOS release date: 02/02/2022
2023-03-05 10:29:34.590 *nis* 29c8 BIOS version: P61 v02.78
2023-03-05 10:29:34.590 *nis* 29c8 System Manufacturer: HP
2023-03-05 10:29:34.590 *nis* 29c8 System Product Name: HP Z4 G4 Workstation
2023-03-05 10:29:34.590 *nis* 29c8 Operating System Name: Windows 10 Pro for Workstations
2023-03-05 10:29:34.591 *nis* 29c8 Operating System Version: 10.0.19041.2364
2023-03-05 10:29:34.591 *nis* 29c8 Cstates disable: TRUE
2023-03-05 10:29:34.591 *nis* 2384 Qt Warning: QObject::startTimer: Timers can only be used with threads started with QThread
2023-03-05 10:29:34.592 *nis* 29c8 LX_LoadLibrary("C:\Program Files\NIS-Elements\g5_docuset.dll") : OK
2023-03-05 10:29:34.606 *nis* 29c8 GetSid succeded, user: Nikon TIRF-SDC, SID: S-1-5-21-1993550511-2565382146-2092099927-1001
2023-03-05 10:29:34.614 *nis* 29c8 Windows user: Nikon TIRF-SDC
2023-03-05 10:29:34.623 *nis* 29c8 SearchAndLoadVendorModules: Application path: C:\Program Files\NIS-Elements\nis_ni?_*.dll
2023-03-05 10:29:34.627 *nis* 29c8 LX_LoadLibrary("C:\Program Files\NIS-Elements\v6_gnr_system.dll") : OK
2023-03-05 10:29:34.629 *nis* 29c8 LX_LoadLibrary("C:\Program Files\NIS-Elements\v6_w32_serializer_reg.dll") : OK
2023-03-05 10:29:34.629 *nis* 29c8 LX_LoadLibrary("C:\Program Files\NIS-Elements\v6_gnr_support_gpu.dll") : OK
2023-03-05 10:29:35.066 *nis* 29c8 Qt Debug: CL PERFORMANCE: device (Quadro RTX 4000), SP (6.8), DP (278.2)
2023-03-05 10:29:35.075 *nis* 29c8 LX_LoadLibrary("C:\Program Files\NIS-Elements\g5_plugin_01.dll") : OK
2023-03-05 10:29:35.075 *nis* 29c8 CLxPluginManager::LoadModules("CLxModule01") : OK
2023-03-05 10:29:35.077 *nis* 29c8 LX_LoadLibrary("C:\Program Files\NIS-Elements\g5_plugin_report.dll") : OK
2023-03-05 10:29:35.078 *nis* 29c8 CLxPluginManager::LoadModules("CLxPluginReport") : OK
2023-03-05 10:29:35.080 *nis* 29c8 LX_LoadLibrary("C:\Program Files\NIS-Elements\g5_plugin_fret.dll") : OK
2023-03-05 10:29:35.080 *nis* 29c8 CLxPluginManager::LoadModules("CLxModuleFRET") : OK
2023-03-05 10:29:35.082 *nis* 29c8 LX_LoadLibrary("C:\Program Files\NIS-Elements\g5_plugin_edf.dll") : OK
2023-03-05 10:29:35.082 *nis* 29c8 CLxPluginManager::LoadModules("CLxModuleEDF") : OK
2023-03-05 10:29:35.087 *nis* 29c8 LX_LoadLibrary("C:\Program Files\NIS-Elements\g5_plugin_denoise.dll") : OK
2023-03-05 10:29:35.088 *nis* 29c8 CLxPluginManager::LoadModules("CLxModuleDenoise") : OK
2023-03-05 10:29:35.092 *nis* 29c8 LX_LoadLibrary("C:\Program Files\NIS-Elements\g5_plugin_deeplearning.dll") : OK
2023-03-05 10:29:35.092 *nis* 29c8 CLxPluginManager::LoadModules("CLxModuleDeepLearning") : OK
2023-03-05 10:29:35.094 *nis* 29c8 LX_LoadLibrary("C:\Program Files\NIS-Elements\g5_plugin_deconv.dll") : OK
2023-03-05 10:29:35.095 *nis* 29c8 CLxPluginManager::LoadModules("CLxModuleDeconv") : OK
2023-03-05 10:29:35.098 *nis* 29c8 LX_LoadLibrary("C:\Program Files\NIS-Elements\g5_plugin_assay_ga_rgb.dll") : OK
2023-03-05 10:29:35.099 *nis* 29c8 CLxPluginManager::LoadModules("CLxModuleAssayGaRgb") : OK
2023-03-05 10:29:35.105 *nis* 29c8 LX_LoadLibrary("C:\Program Files\NIS-Elements\g5_plugin_assay_ga3.dll") : OK
2023-03-05 10:29:35.109 *nis* 29c8 CLxPluginManager::LoadModules("CLxModuleAssayGa3") : OK
2023-03-05 10:29:35.112 *nis* 29c8 LX_LoadLibrary("C:\Program Files\NIS-Elements\g5_plugin_assay_ga.dll") : OK
2023-03-05 10:29:35.114 *nis* 29c8 CLxPluginManager::LoadModules("CLxModuleAssayGa") : OK
2023-03-05 10:29:35.117 *nis* 29c8 LX_LoadLibrary("C:\Program Files\NIS-Elements\g5_plugin_storm_new.dll") : OK
2023-03-05 10:29:35.117 *nis* 29c8 CLxPluginManager::LoadModules("CLxModuleStormNew") : OK
2023-03-05 10:29:35.911 *nis* 29c8 License ID 2D7F2A2F is used.
2023-03-05 10:29:36.206 *nis* 29c8 STORM allowed
2023-03-05 10:29:36.218 *nis* 29c8 CLxPluginManager::LoadModules() - module 'CLxModuleFRET' not allowed by license.
2023-03-05 10:29:36.220 *nis* 29c8 CLxPluginManager::LoadModules() - module 'CLxModuleEDF' not allowed by license.
2023-03-05 10:29:36.225 *nis* 29c8 CLxPluginManager::LoadModules() - module 'CLxModuleAssayGaRgb' not allowed by license.
2023-03-05 10:29:36.229 *nis* 29c8 CLxPluginManager::LoadModules() - module 'CLxModuleAssayGa' not allowed by license.
2023-03-05 10:29:36.232 *nis* 29c8 CLxLocale::SetLangID(1033) : English
2023-03-05 10:29:36.325 *nis* 29c8 SetLuciaVersion() : NIS-Elements AR; 5.30.06 (Build 1567) 64 bit
2023-03-05 10:29:36.329 *nis* 29c8 LX_LoadLibrary("C:\Program Files\NIS-Elements\v6_gnr_reportobjects.dll") : OK
2023-03-05 10:29:36.562 *nis* 29c8 Font Zoom: 1.00
2023-03-05 10:29:36.562 *nis* 29c8 Font Zoom: 1.00
2023-03-05 10:29:36.588 *nis* 29c8 Init color scheme: 2; Flat: 1
2023-03-05 10:29:36.636 *nis* 29c8 LX_LoadLibrary("C:\Program Files\NIS-Elements\v6_gnr_imageformatmanager.dll") : OK
2023-03-05 10:29:36.639 *nis* 29c8 LX_LoadLibrary("C:\Program Files\NIS-Elements\v6_gnr_imageformat_tif.dll") : OK
2023-03-05 10:29:36.640 *nis* 29c8 CLxImageFormatManagerImpl::RegisterImageFormat("CLxImageFormatLSM") : OK
2023-03-05 10:29:36.640 *nis* 29c8 CLxImageFormatManagerImpl::RegisterImageFormat("CLxImageFormatOMETIF") : Failed GetID(...)
2023-03-05 10:29:36.645 *nis* 29c8 LX_LoadLibrary("C:\Program Files\NIS-Elements\v6_gnr_imageformat_ndp.dll") : OK
2023-03-05 10:29:36.645 *nis* 29c8 CLxImageFormatManagerImpl::RegisterImageFormat("CLxImageFormatNDP") : OK
2023-03-05 10:29:36.647 *nis* 29c8 LX_LoadLibrary("C:\Program Files\NIS-Elements\v6_gnr_imageformat_nd2.dll") : OK
2023-03-05 10:29:36.647 *nis* 29c8 CLxImageFormatManagerImpl::RegisterImageFormat("CLxImageFormatND2") : OK
2023-03-05 10:29:36.649 *nis* 29c8 LX_LoadLibrary("C:\Program Files\NIS-Elements\v6_gnr_imageformat_lim.dll") : OK
2023-03-05 10:29:36.649 *nis* 29c8 CLxImageFormatManagerImpl::RegisterImageFormat("CLxImageFormatLIM") : OK
2023-03-05 10:29:36.652 *nis* 29c8 LX_LoadLibrary("C:\Program Files\NIS-Elements\v6_w32_imageformat_mov.dll") : OK
2023-03-05 10:29:36.652 *nis* 29c8 WRAP:CLxWin3264Wrap::Connect - trying to connect ...
2023-03-05 10:29:36.850 *nis* 29c8 WRAP:CLxWin3264Wrap::Connect - successfully connected
2023-03-05 10:29:36.874 *nis* 29c8 WRAP:CLxWin3264Wrap::Disconnect - successfully disconnected
2023-03-05 10:29:36.874 *nis* 29c8 CLxImageFormatManagerImpl::RegisterImageFormat("CLxImageFormatMov") : Failed GetID(...)
2023-03-05 10:29:36.874 *nis* 29c8 LX_LoadLibrary("C:\Program Files\NIS-Elements\v6_gnr_imagefilecontainer.dll") : OK
2023-03-05 10:29:36.874 *nis* 29c8 CLxImageFormatManagerImpl::RegisterImageFormat("CLxImageFormatContainer") : Failed GetID(...)
2023-03-05 10:29:36.876 *nis* 29c8 LX_LoadLibrary("C:\Program Files\NIS-Elements\v6_gnr_imageformat_nef.dll") : OK
2023-03-05 10:29:36.936 *nis* 29c8 CLxImageFormatManagerImpl::RegisterImageFormat("CLxImageFormatNEF") : OK
2023-03-05 10:29:36.945 *nis* 29c8 LX_LoadLibrary("C:\Program Files\NIS-Elements\v6_w32_imageformat_mp4.dll") : OK
2023-03-05 10:29:36.946 *nis* 29c8 CLxImageFormatManagerImpl::RegisterImageFormat("CLxImageFormatMP4") : OK
2023-03-05 10:29:36.948 *nis* 29c8 LX_LoadLibrary("C:\Program Files\NIS-Elements\v6_w32_imageformat_avi.dll") : OK
2023-03-05 10:29:36.948 *nis* 29c8 CLxImageFormatManagerImpl::RegisterImageFormat("CLxImageFormatAVI") : OK
2023-03-05 10:29:36.953 *nis* 29c8 LX_LoadLibrary("C:\Program Files\NIS-Elements\v6_gnr_imageformat_jp2.dll") : OK
2023-03-05 10:29:36.953 *nis* 29c8 CLxImageFormatManagerImpl::RegisterImageFormat("CLxImageFormatND") : OK
2023-03-05 10:29:36.953 *nis* 29c8 CLxImageFormatManagerImpl::RegisterImageFormat("CLxImageFormatJP2") : OK
2023-03-05 10:29:36.961 *nis* 29c8 LX_LoadLibrary("C:\Program Files\NIS-Elements\v6_gnr_imageformat_ometiff.dll") : OK
2023-03-05 10:29:36.961 *nis* 29c8 CLxImageFormatManagerImpl::RegisterImageFormat("CLxImageFormatOMETIFF") : OK
2023-03-05 10:29:36.981 *nis* 29c8 LX_LoadLibrary("C:\Program Files\NIS-Elements\v6_gnr_imageformat_json.dll") : OK
2023-03-05 10:29:36.981 *nis* 29c8 CLxImageFormatManagerImpl::RegisterImageFormat("CLxImageFormatJson") : OK
2023-03-05 10:29:36.981 *nis* 29c8 CLxImageFormatManagerImpl::RegisterImageFormat("CLxImageFormatTIF") : OK
2023-03-05 10:29:36.983 *nis* 29c8 LX_LoadLibrary("C:\Program Files\NIS-Elements\v6_gnr_imageformat_jpg2.dll") : OK
2023-03-05 10:29:36.983 *nis* 29c8 CLxImageFormatManagerImpl::RegisterImageFormat("CLxImageFormatJPG") : OK
2023-03-05 10:29:36.993 *nis* 29c8 LX_LoadLibrary("C:\Program Files\NIS-Elements\v6_w32_imageformat_lead.dll") : OK
2023-03-05 10:29:36.994 *nis* 29c8 CLxImageFormatManagerImpl::RegisterImageFormat("CLxImageFormatGIF") : OK
2023-03-05 10:29:36.994 *nis* 29c8 CLxImageFormatManagerImpl::RegisterImageFormat("CLxImageFormatBMP") : OK
2023-03-05 10:29:36.994 *nis* 29c8 CLxImageFormatManagerImpl::RegisterImageFormat("CLxImageFormatPSD") : OK
2023-03-05 10:29:36.995 *nis* 29c8 LX_LoadLibrary("C:\Program Files\NIS-Elements\v6_w32_imageformat_PNG.dll") : OK
2023-03-05 10:29:36.995 *nis* 29c8 CLxImageFormatManagerImpl::RegisterImageFormat("CLxImageFormatPNG") : OK
2023-03-05 10:29:36.997 *nis* 29c8 LX_LoadLibrary("C:\Program Files\NIS-Elements\v6_gnr_imageformat_ics.dll") : OK
2023-03-05 10:29:36.997 *nis* 29c8 CLxImageFormatManagerImpl::RegisterImageFormat("CLxImageFormatICS") : OK
2023-03-05 10:29:36.999 *nis* 29c8 LX_LoadLibrary("C:\Program Files\NIS-Elements\v6_gnr_imageformat_clipboard.dll") : OK
2023-03-05 10:29:36.999 *nis* 29c8 CLxImageFormatManagerImpl::RegisterImageFormat("CLxImageFormatClipboard") : OK
2023-03-05 10:29:36.999 *nis* 29c8 CLxImageFormatManagerImpl::RegisterImageFormat("CLxImageFormatDIB") : OK
2023-03-05 10:29:36.999 *nis* 29c8 Startup message : Checking user rights...
2023-03-05 10:29:36.001 *nis* 29c8 WinMain() - Phase #01 (before SelectGrabber()) - 10:29:36 - 2801.35
2023-03-05 10:29:36.002 *nis* 29c8 Startup message : Restoring Database of Devices...
2023-03-05 10:29:36.003 *nis* 29c8 Startup message : Initializing Device Database...
2023-03-05 10:29:37.006 *nis* 29c8 Device Database connection opened: C:\ProgramData\Laboratory Imaging\Platform\DeviceDatabase_5_30.dat
2023-03-05 10:29:37.007 *nis* 29c8 Device Database version 46 checked successfully
2023-03-05 10:29:37.008 *nis* 29c8 Current system User ID is 1
2023-03-05 10:29:37.009 *nis* 29c8 Current system HW Config ID is 1
2023-03-05 10:29:37.010 *nis* 29c8 Current system Lightpath ID is 24
2023-03-05 10:29:37.019 *nis* 29c8 DeviceDBAppHelper::GetHWConfigCameraString(): End - success...
2023-03-05 10:29:37.021 *nis* 29c8 Startup message : Selecting Setup and Hardware Configuration...
2023-03-05 10:29:37.022 *nis* 2d70 _DMv2_ CLxDeviceManagerv2::Init() - begin
2023-03-05 10:29:37.022 *nis* 2d70 _DMv2_ CLxDeviceManagerv2::Init() - #3
2023-03-05 10:29:37.022 *nis* 2d70 _DMv2_ CLxOpticalPathHWUnitsCatalog::LoadCatalog() - begin
2023-03-05 10:29:37.022 *nis* 29c8 LX_LoadLibrary("C:\Program Files\NIS-Elements\v6_gnr_grabbermanager01.dll") : OK
2023-03-05 10:29:37.024 *nis* 29c8 CLxGrabberManager01: Driver version OK. (CLxGrabberDriverGeneral, C:\Program Files\NIS-Elements\v6_gnr_grabbermanager01.dll)
2023-03-05 10:29:37.024 *nis* 29c8 CLxGrabberManager01: Driver version OK. (CLxGrabberDriverAndor, C:\Program Files\NIS-Elements\v6_w32_grabber_andor.dll)
2023-03-05 10:29:37.024 *nis* 29c8 CLxGrabberManager01: Driver version OK. (CLxGrabberDriverAndorNeo, C:\Program Files\NIS-Elements\v6_w32_grabber_andor_neo.dll)
2023-03-05 10:29:37.024 *nis* 29c8 CLxGrabberManager01: Driver version OK. (CLxGrabberDriverPhotometrics_v2, C:\Program Files\NIS-Elements\v6_w32_grabber_photometrics_v2.dll)
2023-03-05 10:29:37.043 *nis* 29c8 _DMv2_ CLxDeviceManagerv2::ShowSetupAndHWConfigSelectionDialog()
2023-03-05 10:29:37.093 *nis* 29c8 _DMv2_ CLxDeviceManagerv2_SetupSelectionDialogModel::SetupUi(): begin
2023-03-05 10:29:37.093 *nis* 29c8 _DMv2_ CLxDeviceManagerv2_SetupSelectionDialogModel::CLxDeviceManagerv2_SetupSelectionDialogModel(): Creating model - begin
2023-03-05 10:29:37.093 *nis* 29c8 _DMv2_ CLxDeviceManagerv2_SetupSelectionDialogModel::Update(): begin
2023-03-05 10:29:37.093 *nis* 29c8 _DMv2_ CLxDeviceManagerv2_SetupSelectionDialogModel::clear(): Resetting model - begin: row count = 0.
2023-03-05 10:29:37.093 *nis* 29c8 _DMv2_ CLxDeviceManagerv2_SetupSelectionDialogModel::clear(): Resetting model - end: row count = 0.
2023-03-05 10:29:37.097 *nis* 29c8 _DMv2_ CLxDeviceManagerv2_SetupSelectionDialogModel::Update(): End - success...
2023-03-05 10:29:37.097 *nis* 29c8 _DMv2_ CLxDeviceManagerv2_SetupSelectionDialogModel::CLxDeviceManagerv2_SetupSelectionDialogModel(): Creating model - end
2023-03-05 10:29:37.097 *nis* 29c8 _DMv2_ CLxDeviceManagerv2_SetupSelectionDialogModel::CLxDeviceManagerv2_SetupSelectionDialogProperties(): Creating dialog properties.
2023-03-05 10:29:37.098 *nis* 29c8 _DMv2_ CLxDeviceManagerv2_SetupSelectionDialog::SetContextProperty read NISShutdownSuccessful: 1
2023-03-05 10:29:37.098 *nis* 29c8 _DMv2_ CLxDeviceManagerv2_SetupSelectionDialogProperties::GetModel(): Model valid: 1
2023-03-05 10:29:37.311 *nis* 29c8 Qt Debug: Gui Zoom Changed to: 1
2023-03-05 10:29:37.316 *nis* 29c8 _DMv2_ CLxDeviceManagerv2_SetupSelectionDialogProperties::GetModel(): Model valid: 1
2023-03-05 10:29:37.602 *nis* 29c8 _DMv2_ CLxDeviceManagerv2_SetupSelectionDialogModel::SetupUi(): Setting current index - begin
2023-03-05 10:29:37.602 *nis* 29c8 _DMv2_ CLxDeviceManagerv2_SetupSelectionDialogModel::SetupUi(): Setting current index to - 0
2023-03-05 10:29:37.602 *nis* 29c8 Qt Debug: Current index: 0
2023-03-05 10:29:37.602 *nis* 29c8 _DMv2_ CLxDeviceManagerv2_SetupSelectionDialogModel::SetupUi(): Setting current index to - 1
2023-03-05 10:29:37.607 *nis* 29c8 Qt Debug: Current index: 1
2023-03-05 10:29:37.607 *nis* 29c8 _DMv2_ CLxDeviceManagerv2_SetupSelectionDialogModel::SetupUi(): SetupUi - end
2023-03-05 10:29:39.031 *nis* 2d70 _DMv2_ CLxOpticalPathHWUnitsCatalog::LoadCatalog() - end
2023-03-05 10:29:39.031 *nis* 2d70 _DMv2_ CLxDeviceManagerv2::Init() - end
2023-03-05 10:29:39.549 *nis* 29c8 Selected hardware configuration with GUID = {2dbf9753-922c-4c8f-abfc-f57f2d31bb68} (Hardware configuration name = iXon 897, Zyla - Acquisition, Setup name = Spinning Disk
2023-03-05 10:29:39.574 *nis* 29c8 Qt Debug: TensorRt::NetworkManager::freeNetworks
2023-03-05 10:29:39.615 *nis* 29c8 Device Database connection closed: C:\ProgramData\Laboratory Imaging\Platform\DeviceDatabase_5_30.dat
2023-03-05 10:29:39.615 *nis* 29c8 Qt Debug: MxNet::NetworkManager::freeNetworks
2023-03-05 10:29:39.718 *nis* 29c8 App modules logout start
2023-03-05 10:29:39.721 *nis* 29c8 App modules logout finish
2023-03-05 10:29:39.721 *nis* 29c8 Application result: FAILED - SETUP AND HW CONFIGURATION SELECTION USER
2023-03-05 10:29:39.721 *nis* 29c8 Qt Warning: QObject::killTimer: Timers cannot be stopped from another thread
2023-03-05 10:29:39.730 *nis* 29c8 WRAP:CLxWin3264Wrap::Disconnect - successfully disconnected
