2023-03-04 00:57:56.310 *nis* Log session started.
2023-03-04 00:57:56.310 *nis* 1288 RDTSC instruction NOT present.
2023-03-04 00:57:56.395 *nis* 1288 UpdateDDBObjectives() : Start.
2023-03-04 00:57:56.395 *nis* 1288 UpdateDDBObjectives() : End(2).
2023-03-04 00:57:56.417 *nis* 1288 WinMain() - Phase #00 (application start) - 00:57:56 - 274.12
2023-03-04 00:57:56.604 *nis* 1288 Qt Warning: Attribute Qt::AA_ShareOpenGLContexts must be set before QCoreApplication is created.
2023-03-04 00:57:56.605 *nis* 1288 ParseCommandLine() : C:\Program Files\NIS-Elements\nis_ar.exe
2023-03-04 00:57:56.605 *nis* 1288 CLxSchedulerSupport::GetRegistryValueString read SocketName: 
2023-03-04 00:57:56.605 *nis* 1288 ENTERING 'CLxRTTI::loadCatalog'
2023-03-04 00:57:56.628 *nis* 1288 LEAVING  'CLxRTTI::loadCatalog' 23.0ms spent inside
2023-03-04 00:57:56.628 *nis* 1288 ENTERING 'CLxRTTI::updateCatalog'
2023-03-04 00:57:56.680 *nis* 1288 ENTERING 'CLxRTTI::saveCatalog'
2023-03-04 00:57:56.680 *nis* 1288 Saving RTTI cache
2023-03-04 00:57:56.686 *nis* 1288 LEAVING  'CLxRTTI::saveCatalog' 6.0ms spent inside
2023-03-04 00:57:56.686 *nis* 1288 LEAVING  'CLxRTTI::updateCatalog' 58.0ms spent inside
2023-03-04 00:57:56.687 *nis* 1288 LX_LoadLibrary("C:\Program Files\NIS-Elements\v6_gnr_serializer_xml.dll") : OK
2023-03-04 00:57:56.689 *nis* 1288 IPCServer: Main thread awaiting client connection on \\.\pipe\NIS_ELEMENTS_ARE_RUNNING
2023-03-04 00:57:56.693 *nis* 1288 BIOS release date: 02/02/2022
2023-03-04 00:57:56.693 *nis* 1288 BIOS version: P61 v02.78
2023-03-04 00:57:56.693 *nis* 1288 System Manufacturer: HP
2023-03-04 00:57:56.693 *nis* 1288 System Product Name: HP Z4 G4 Workstation
2023-03-04 00:57:56.693 *nis* 1288 Operating System Name: Windows 10 Pro for Workstations
2023-03-04 00:57:56.693 *nis* 1288 Operating System Version: 10.0.19041.2364
2023-03-04 00:57:56.693 *nis* 1288 Cstates disable: TRUE
2023-03-04 00:57:56.693 *nis* 2488 Qt Warning: QObject::startTimer: Timers can only be used with threads started with QThread
2023-03-04 00:57:56.694 *nis* 1288 LX_LoadLibrary("C:\Program Files\NIS-Elements\g5_docuset.dll") : OK
2023-03-04 00:57:56.704 *nis* 1288 GetSid succeded, user: Confocal, SID: S-1-5-21-156716595-2731499287-1200104426-1001
2023-03-04 00:57:56.710 *nis* 1288 Windows user: Confocal
2023-03-04 00:57:56.717 *nis* 1288 SearchAndLoadVendorModules: Application path: C:\Program Files\NIS-Elements\nis_ni?_*.dll
2023-03-04 00:57:56.718 *nis* 1288 VendorModuleAdd: nis_nii_assay_livedead.dll
2023-03-04 00:57:57.144 *nis* 1288 VendorModuleAdd: nis_nii_assay_NiiFilePart_TaskAcquireByName_Task.dll
2023-03-04 00:57:57.148 *nis* 1288 VendorModulesGeneralPlugin: Initializing plugin GeneralPlugin for version 5.3005 b1559
2023-03-04 00:57:57.148 *nis* 1288 LX_LoadLibrary("C:\Program Files\NIS-Elements\v6_gnr_system.dll") : OK
2023-03-04 00:57:57.149 *nis* 1288 LX_LoadLibrary("C:\Program Files\NIS-Elements\v6_w32_serializer_reg.dll") : OK
2023-03-04 00:57:57.149 *nis* 1288 LX_LoadLibrary("C:\Program Files\NIS-Elements\v6_gnr_support_gpu.dll") : OK
2023-03-04 00:57:57.412 *nis* 1288 Qt Debug: CL PERFORMANCE: device (Quadro RTX 5000), SP (3.4), DP (133.6)
2023-03-04 00:57:57.427 *nis* 1288 LX_LoadLibrary("C:\Program Files\NIS-Elements\g5_plugin_filters_v2.dll") : OK
2023-03-04 00:57:57.454 *nis* 1288 CExternalGameDeviceManager::RegisterPluginDeviceType, joystick registered for plugin: Filters - joystick
2023-03-04 00:57:57.455 *nis* 1288 CLxPluginManager::LoadModules("CLxModuleFilters2") : OK
2023-03-04 00:57:57.457 *nis* 1288 LX_LoadLibrary("C:\Program Files\NIS-Elements\g5_plugin_storm_new.dll") : OK
2023-03-04 00:57:57.457 *nis* 1288 CLxPluginManager::LoadModules("CLxModuleStormNew") : OK
2023-03-04 00:57:57.460 *nis* 1288 LX_LoadLibrary("C:\Program Files\NIS-Elements\g5_plugin_grainsize.dll") : OK
2023-03-04 00:57:57.460 *nis* 1288 CLxPluginManager::LoadModules("CLxModuleGrainSize") : OK
2023-03-04 00:57:57.461 *nis* 1288 LX_LoadLibrary("C:\Program Files\NIS-Elements\g5_plugin_Observation.dll") : OK
2023-03-04 00:57:57.461 *nis* 1288 CLxModuleObservation::CLxModuleObservation
2023-03-04 00:57:57.461 *nis* 1288 CLxPluginManager::LoadModules("CLxModuleObservation") : OK
2023-03-04 00:57:57.463 *nis* 1288 LX_LoadLibrary("C:\Program Files\NIS-Elements\g5_plugin_layers.dll") : OK
2023-03-04 00:57:57.463 *nis* 1288 CLxPluginManager::LoadModules("CLxModuleLayers") : OK
2023-03-04 00:57:57.464 *nis* 1288 LX_LoadLibrary("C:\Program Files\NIS-Elements\g5_plugin_report.dll") : OK
2023-03-04 00:57:57.464 *nis* 1288 CLxPluginManager::LoadModules("CLxPluginReport") : OK
2023-03-04 00:57:57.465 *nis* 1288 LX_LoadLibrary("C:\Program Files\NIS-Elements\g5_plugin_sim.dll") : OK
2023-03-04 00:57:57.494 *nis* 1288 CLxPluginManager::LoadModules("CLxModuleSim") : OK
2023-03-04 00:57:57.495 *nis* 1288 LX_LoadLibrary("C:\Program Files\NIS-Elements\g5_plugin_fret.dll") : OK
2023-03-04 00:57:57.495 *nis* 1288 CLxPluginManager::LoadModules("CLxModuleFRET") : OK
2023-03-04 00:57:57.497 *nis* 1288 LX_LoadLibrary("C:\Program Files\NIS-Elements\g5_plugin_01.dll") : OK
2023-03-04 00:57:57.497 *nis* 1288 CLxPluginManager::LoadModules("CLxModule01") : OK
2023-03-04 00:57:57.498 *nis* 1288 LX_LoadLibrary("C:\Program Files\NIS-Elements\g5_plugin_alveole_leonardo.dll") : OK
2023-03-04 00:57:57.498 *nis* 1288 CLxPluginManager::LoadModules("CLxModuleAlveoleLeonardo") : OK
2023-03-04 00:57:57.499 *nis* 1288 LX_LoadLibrary("C:\Program Files\NIS-Elements\g5_plugin_assay_cellproliferation.dll") : OK
2023-03-04 00:57:57.500 *nis* 1288 CLxPluginManager::LoadModules("CLxModuleAssayCellProliferation") : OK
2023-03-04 00:57:57.502 *nis* 1288 LX_LoadLibrary("C:\Program Files\NIS-Elements\g5_plugin_assay_ga.dll") : OK
2023-03-04 00:57:57.502 *nis* 1288 CLxPluginManager::LoadModules("CLxModuleAssayGa") : OK
2023-03-04 00:57:57.507 *nis* 1288 LX_LoadLibrary("C:\Program Files\NIS-Elements\g5_plugin_assay_ga3.dll") : OK
2023-03-04 00:57:57.509 *nis* 1288 CLxPluginManager::LoadModules("CLxModuleAssayGa3") : OK
2023-03-04 00:57:57.511 *nis* 1288 LX_LoadLibrary("C:\Program Files\NIS-Elements\g5_plugin_assay_ga_rgb.dll") : OK
2023-03-04 00:57:57.512 *nis* 1288 CLxPluginManager::LoadModules("CLxModuleAssayGaRgb") : OK
2023-03-04 00:57:57.513 *nis* 1288 LX_LoadLibrary("C:\Program Files\NIS-Elements\g5_plugin_assay_motilitytracking.dll") : OK
2023-03-04 00:57:57.514 *nis* 1288 CLxPluginManager::LoadModules("CLxModuleAssayMotilityTracking") : OK
2023-03-04 00:57:57.515 *nis* 1288 LX_LoadLibrary("C:\Program Files\NIS-Elements\g5_plugin_assay_oc.dll") : OK
2023-03-04 00:57:57.515 *nis* 1288 CLxPluginManager::LoadModules("CLxModuleAssayOc") : OK
2023-03-04 00:57:57.516 *nis* 1288 LX_LoadLibrary("C:\Program Files\NIS-Elements\g5_plugin_assay_outproc.dll") : OK
2023-03-04 00:57:57.516 *nis* 1288 CLxPluginManager::LoadModules("CLxModuleAssayOutProc") : OK
2023-03-04 00:57:57.518 *nis* 1288 LX_LoadLibrary("C:\Program Files\NIS-Elements\g5_plugin_assay_qintensity.dll") : OK
2023-03-04 00:57:57.518 *nis* 1288 CLxPluginManager::LoadModules("CLxModuleAssayQIntensity") : OK
2023-03-04 00:57:57.519 *nis* 1288 LX_LoadLibrary("C:\Program Files\NIS-Elements\g5_plugin_assay_spt.dll") : OK
2023-03-04 00:57:57.519 *nis* 1288 CLxPluginManager::LoadModules("CLxModuleAssaySingleParticleTracking") : OK
2023-03-04 00:57:57.521 *nis* 1288 LX_LoadLibrary("C:\Program Files\NIS-Elements\g5_plugin_assay_woundhealing.dll") : OK
2023-03-04 00:57:57.521 *nis* 1288 CLxPluginManager::LoadModules("CLxModuleAssayWoundHealing") : OK
2023-03-04 00:57:57.522 *nis* 1288 LX_LoadLibrary("C:\Program Files\NIS-Elements\g5_plugin_welding.dll") : OK
2023-03-04 00:57:57.522 *nis* 1288 CLxPluginManager::LoadModules("CLxModuleWelding") : OK
2023-03-04 00:57:57.524 *nis* 1288 LX_LoadLibrary("C:\Program Files\NIS-Elements\g5_plugin_castiron.dll") : OK
2023-03-04 00:57:57.524 *nis* 1288 CLxPluginManager::LoadModules("CLxModuleCastIron") : OK
2023-03-04 00:57:57.526 *nis* 1288 LX_LoadLibrary("C:\Program Files\NIS-Elements\g5_plugin_concrete.dll") : OK
2023-03-04 00:57:57.526 *nis* 1288 CExternalGameDeviceManager::RegisterPluginDeviceType, joystick registered for plugin: Concrete - joystick
2023-03-04 00:57:57.526 *nis* 1288 CLxPluginManager::LoadModules("CLxModuleConcrete") : OK
2023-03-04 00:57:57.527 *nis* 1288 LX_LoadLibrary("C:\Program Files\NIS-Elements\g5_plugin_optogenetics.dll") : OK
2023-03-04 00:57:57.528 *nis* 1288 CLxPluginManager::LoadModules("CLxModuleOptogenetics") : OK
2023-03-04 00:57:57.529 *nis* 1288 LX_LoadLibrary("C:\Program Files\NIS-Elements\g5_plugin_edf.dll") : OK
2023-03-04 00:57:57.529 *nis* 1288 CLxPluginManager::LoadModules("CLxModuleEDF") : OK
2023-03-04 00:57:57.533 *nis* 1288 LX_LoadLibrary("C:\Program Files\NIS-Elements\g5_plugin_denoise.dll") : OK
2023-03-04 00:57:57.534 *nis* 1288 CLxPluginManager::LoadModules("CLxModuleDenoise") : OK
2023-03-04 00:57:57.543 *nis* 1288 LX_LoadLibrary("C:\Program Files\NIS-Elements\g5_plugin_confocal_new.dll") : OK
2023-03-04 00:57:57.547 *nis* 1288 CLxPluginManager::LoadModules("CLxModuleConfocalNew") : OK
2023-03-04 00:57:57.549 *nis* 1288 LX_LoadLibrary("C:\Program Files\NIS-Elements\g5_plugin_deconv.dll") : OK
2023-03-04 00:57:57.550 *nis* 1288 CLxPluginManager::LoadModules("CLxModuleDeconv") : OK
2023-03-04 00:57:57.553 *nis* 1288 LX_LoadLibrary("C:\Program Files\NIS-Elements\g5_plugin_deeplearning.dll") : OK
2023-03-04 00:57:57.553 *nis* 1288 CLxPluginManager::LoadModules("CLxModuleDeepLearning") : OK
2023-03-04 00:57:57.554 *nis* 1288 LX_LoadLibrary("C:\Program Files\NIS-Elements\g5_plugin_LiveSR.dll") : OK
2023-03-04 00:57:57.555 *nis* 1288 CLxPluginManager::LoadModules("CLxModuleLiveSR") : OK
2023-03-04 00:57:57.613 *nis* 1288 License ID 2CC54E41 is used.
2023-03-04 00:57:57.789 *nis* 1288 CLxPluginManager::LoadModules() - module 'CLxModuleFilters2' not allowed by license.
2023-03-04 00:57:57.792 *nis* 1288 CLxPluginManager::LoadModules() - module 'CLxModuleGrainSize' not allowed by license.
2023-03-04 00:57:57.794 *nis* 1288 CLxModuleObservation::~CLxModuleObservation
2023-03-04 00:57:57.794 *nis* 1288 CLxPluginManager::LoadModules() - module 'CLxModuleObservation' not allowed by license.
2023-03-04 00:57:57.796 *nis* 1288 CLxPluginManager::LoadModules() - module 'CLxModuleLayers' not allowed by license.
2023-03-04 00:57:57.799 *nis* 1288 CLxPluginManager::LoadModules() - module 'CLxModuleFRET' not allowed by license.
2023-03-04 00:57:57.806 *nis* 1288 CLxPluginManager::LoadModules() - module 'CLxModuleAssayGaRgb' not allowed by license.
2023-03-04 00:57:57.811 *nis* 1288 CLxPluginManager::LoadModules() - module 'CLxModuleAssaySingleParticleTracking' not allowed by license.
2023-03-04 00:57:57.814 *nis* 1288 CLxPluginManager::LoadModules() - module 'CLxModuleWelding' not allowed by license.
2023-03-04 00:57:57.815 *nis* 1288 CLxPluginManager::LoadModules() - module 'CLxModuleCastIron' not allowed by license.
2023-03-04 00:57:57.817 *nis* 1288 CLxPluginManager::LoadModules() - module 'CLxModuleConcrete' not allowed by license.
2023-03-04 00:57:57.819 *nis* 1288 CLxPluginManager::LoadModules() - module 'CLxModuleOptogenetics' not allowed by license.
2023-03-04 00:57:57.821 *nis* 1288 CLxPluginManager::LoadModules() - module 'CLxModuleEDF' not allowed by license.
2023-03-04 00:57:57.827 *nis* 1288 CLxPluginManager::LoadModules() - module 'CLxModuleLiveSR' not allowed by license.
2023-03-04 00:57:57.829 *nis* 1288 CLxLocale::SetLangID(1033) : English
2023-03-04 00:57:57.943 *nis* 1288 SetLuciaVersion() : NIS-Elements AR; 5.30.05 (Build 1559) 64 bit
2023-03-04 00:57:57.946 *nis* 1288 LX_LoadLibrary("C:\Program Files\NIS-Elements\v6_gnr_reportobjects.dll") : OK
2023-03-04 00:57:57.951 *nis* 1288 LX_LoadLibrary("C:\Program Files\NIS-Elements\g5_metalo_support.dll") : OK
2023-03-04 00:57:58.101 *nis* 1288 Font Zoom: 1.00
2023-03-04 00:57:58.101 *nis* 1288 Font Zoom: 1.00
2023-03-04 00:57:58.120 *nis* 1288 Init color scheme: 2; Flat: 1
2023-03-04 00:57:58.157 *nis* 1288 LX_LoadLibrary("C:\Program Files\NIS-Elements\v6_gnr_imageformatmanager.dll") : OK
2023-03-04 00:57:58.160 *nis* 1288 LX_LoadLibrary("C:\Program Files\NIS-Elements\v6_gnr_imageformat_tif.dll") : OK
2023-03-04 00:57:58.160 *nis* 1288 CLxImageFormatManagerImpl::RegisterImageFormat("CLxImageFormatLSM") : OK
2023-03-04 00:57:58.160 *nis* 1288 CLxImageFormatManagerImpl::RegisterImageFormat("CLxImageFormatOMETIF") : Failed GetID(...)
2023-03-04 00:57:58.162 *nis* 1288 LX_LoadLibrary("C:\Program Files\NIS-Elements\v6_gnr_imageformat_lim.dll") : OK
2023-03-04 00:57:58.162 *nis* 1288 CLxImageFormatManagerImpl::RegisterImageFormat("CLxImageFormatLIM") : OK
2023-03-04 00:57:58.163 *nis* 1288 LX_LoadLibrary("C:\Program Files\NIS-Elements\v6_gnr_imageformat_nd2.dll") : OK
2023-03-04 00:57:58.163 *nis* 1288 CLxImageFormatManagerImpl::RegisterImageFormat("CLxImageFormatND2") : OK
2023-03-04 00:57:58.167 *nis* 1288 LX_LoadLibrary("C:\Program Files\NIS-Elements\v6_gnr_imageformat_ndp.dll") : OK
2023-03-04 00:57:58.167 *nis* 1288 CLxImageFormatManagerImpl::RegisterImageFormat("CLxImageFormatNDP") : OK
2023-03-04 00:57:58.168 *nis* 1288 LX_LoadLibrary("C:\Program Files\NIS-Elements\v6_gnr_imageformat_nef.dll") : OK
2023-03-04 00:57:58.206 *nis* 1288 CLxImageFormatManagerImpl::RegisterImageFormat("CLxImageFormatNEF") : OK
2023-03-04 00:57:58.208 *nis* 1288 LX_LoadLibrary("C:\Program Files\NIS-Elements\v6_w32_imageformat_avi.dll") : OK
2023-03-04 00:57:58.208 *nis* 1288 CLxImageFormatManagerImpl::RegisterImageFormat("CLxImageFormatAVI") : OK
2023-03-04 00:57:58.210 *nis* 1288 LX_LoadLibrary("C:\Program Files\NIS-Elements\v6_w32_imageformat_mov.dll") : OK
2023-03-04 00:57:58.210 *nis* 1288 WRAP:CLxWin3264Wrap::Connect - trying to connect ...
2023-03-04 00:57:58.320 *nis* 1288 WRAP:CLxWin3264Wrap::Connect - successfully connected
2023-03-04 00:57:58.340 *nis* 1288 WRAP:CLxWin3264Wrap::Disconnect - successfully disconnected
2023-03-04 00:57:58.340 *nis* 1288 CLxImageFormatManagerImpl::RegisterImageFormat("CLxImageFormatMov") : Failed GetID(...)
2023-03-04 00:57:58.350 *nis* 1288 LX_LoadLibrary("C:\Program Files\NIS-Elements\v6_w32_imageformat_mp4.dll") : OK
2023-03-04 00:57:58.351 *nis* 1288 CLxImageFormatManagerImpl::RegisterImageFormat("CLxImageFormatMP4") : OK
2023-03-04 00:57:58.351 *nis* 1288 LX_LoadLibrary("C:\Program Files\NIS-Elements\v6_gnr_imagefilecontainer.dll") : OK
2023-03-04 00:57:58.351 *nis* 1288 CLxImageFormatManagerImpl::RegisterImageFormat("CLxImageFormatContainer") : Failed GetID(...)
2023-03-04 00:57:58.354 *nis* 1288 LX_LoadLibrary("C:\Program Files\NIS-Elements\v6_gnr_imageformat_jp2.dll") : OK
2023-03-04 00:57:58.354 *nis* 1288 CLxImageFormatManagerImpl::RegisterImageFormat("CLxImageFormatND") : OK
2023-03-04 00:57:58.354 *nis* 1288 CLxImageFormatManagerImpl::RegisterImageFormat("CLxImageFormatJP2") : OK
2023-03-04 00:57:58.359 *nis* 1288 LX_LoadLibrary("C:\Program Files\NIS-Elements\v6_gnr_imageformat_ometiff.dll") : OK
2023-03-04 00:57:58.359 *nis* 1288 CLxImageFormatManagerImpl::RegisterImageFormat("CLxImageFormatOMETIFF") : OK
2023-03-04 00:57:58.360 *nis* 1288 CLxImageFormatManagerImpl::RegisterImageFormat("CLxImageFormatTIF") : OK
2023-03-04 00:57:58.375 *nis* 1288 LX_LoadLibrary("C:\Program Files\NIS-Elements\v6_gnr_imageformat_json.dll") : OK
2023-03-04 00:57:58.375 *nis* 1288 CLxImageFormatManagerImpl::RegisterImageFormat("CLxImageFormatJson") : OK
2023-03-04 00:57:58.376 *nis* 1288 LX_LoadLibrary("C:\Program Files\NIS-Elements\v6_gnr_imageformat_jpg2.dll") : OK
2023-03-04 00:57:58.376 *nis* 1288 CLxImageFormatManagerImpl::RegisterImageFormat("CLxImageFormatJPG") : OK
2023-03-04 00:57:58.383 *nis* 1288 LX_LoadLibrary("C:\Program Files\NIS-Elements\v6_w32_imageformat_lead.dll") : OK
2023-03-04 00:57:58.383 *nis* 1288 CLxImageFormatManagerImpl::RegisterImageFormat("CLxImageFormatGIF") : OK
2023-03-04 00:57:58.383 *nis* 1288 CLxImageFormatManagerImpl::RegisterImageFormat("CLxImageFormatBMP") : OK
2023-03-04 00:57:58.384 *nis* 1288 LX_LoadLibrary("C:\Program Files\NIS-Elements\v6_w32_imageformat_PNG.dll") : OK
2023-03-04 00:57:58.384 *nis* 1288 CLxImageFormatManagerImpl::RegisterImageFormat("CLxImageFormatPNG") : OK
2023-03-04 00:57:58.384 *nis* 1288 CLxImageFormatManagerImpl::RegisterImageFormat("CLxImageFormatPSD") : OK
2023-03-04 00:57:58.386 *nis* 1288 LX_LoadLibrary("C:\Program Files\NIS-Elements\v6_gnr_imageformat_ics.dll") : OK
2023-03-04 00:57:58.386 *nis* 1288 CLxImageFormatManagerImpl::RegisterImageFormat("CLxImageFormatICS") : OK
2023-03-04 00:57:58.387 *nis* 1288 LX_LoadLibrary("C:\Program Files\NIS-Elements\v6_gnr_imageformat_clipboard.dll") : OK
2023-03-04 00:57:58.387 *nis* 1288 CLxImageFormatManagerImpl::RegisterImageFormat("CLxImageFormatClipboard") : OK
2023-03-04 00:57:58.387 *nis* 1288 CLxImageFormatManagerImpl::RegisterImageFormat("CLxImageFormatDIB") : OK
2023-03-04 00:57:58.387 *nis* 1288 Startup message : Checking user rights...
2023-03-04 00:57:58.389 *nis* 1288 WinMain() - Phase #01 (before SelectGrabber()) - 00:57:58 - 1972.27
2023-03-04 00:57:58.389 *nis* 1288 Startup message : Restoring Database of Devices...
2023-03-04 00:57:58.390 *nis* 1288 Startup message : Initializing Device Database...
2023-03-04 00:57:58.393 *nis* 1288 Device Database connection opened: C:\ProgramData\Laboratory Imaging\Platform\DeviceDatabase_5_30.dat
2023-03-04 00:57:58.394 *nis* 1288 Device Database version 46 checked successfully
2023-03-04 00:57:58.394 *nis* 1288 Current system User ID is 1
2023-03-04 00:57:58.395 *nis* 1288 Current system HW Config ID is 1
2023-03-04 00:57:58.395 *nis* 1288 Current system Lightpath ID is 3
2023-03-04 00:57:58.408 *nis* 1288 DeviceDBAppHelper::GetHWConfigCameraString(): End - success...
2023-03-04 00:57:58.410 *nis* 1288 Startup message : Selecting Setup and Hardware Configuration...
2023-03-04 00:57:58.410 *nis* 2874 _DMv2_ CLxDeviceManagerv2::Init() - begin
2023-03-04 00:57:58.410 *nis* 2874 _DMv2_ CLxDeviceManagerv2::Init() - #3
2023-03-04 00:57:58.410 *nis* 2874 _DMv2_ CLxOpticalPathHWUnitsCatalog::LoadCatalog() - begin
2023-03-04 00:57:58.411 *nis* 1288 LX_LoadLibrary("C:\Program Files\NIS-Elements\v6_gnr_grabbermanager01.dll") : OK
2023-03-04 00:57:58.413 *nis* 1288 CLxGrabberManager01: Driver version OK. (CLxGrabberDriverGeneral, C:\Program Files\NIS-Elements\v6_gnr_grabbermanager01.dll)
2023-03-04 00:57:58.413 *nis* 1288 CLxGrabberManager01: Driver version OK. (CLxGrabberDriverA1New, C:\Program Files\NIS-Elements\g5_plugin_confocal_new.dll)
2023-03-04 00:57:58.413 *nis* 1288 CLxGrabberManager01: Driver version OK. (CLxGrabberDriverAndor, C:\Program Files\NIS-Elements\v6_w32_grabber_andor.dll)
2023-03-04 00:57:58.413 *nis* 1288 CLxGrabberManager01: Driver version OK. (CLxGrabberDriverImgsrc, C:\Program Files\NIS-Elements\v6_w32_grabber_imagingsource.dll)
2023-03-04 00:57:58.427 *nis* 1288 CLxGrabberManager01::GrabberDriverBan("CLxGrabberDriverImgsrc")
2023-03-04 00:57:58.427 *nis* 1288 _DMv2_ CLxDeviceManagerv2::ShowSetupAndHWConfigSelectionDialog()
2023-03-04 00:57:58.465 *nis* 1288 _DMv2_ CLxDeviceManagerv2_SetupSelectionDialogModel::SetupUi(): begin
2023-03-04 00:57:58.465 *nis* 1288 _DMv2_ CLxDeviceManagerv2_SetupSelectionDialogModel::CLxDeviceManagerv2_SetupSelectionDialogModel(): Creating model - begin
2023-03-04 00:57:58.465 *nis* 1288 _DMv2_ CLxDeviceManagerv2_SetupSelectionDialogModel::Update(): begin
2023-03-04 00:57:58.465 *nis* 1288 _DMv2_ CLxDeviceManagerv2_SetupSelectionDialogModel::clear(): Resetting model - begin: row count = 0.
2023-03-04 00:57:58.465 *nis* 1288 _DMv2_ CLxDeviceManagerv2_SetupSelectionDialogModel::clear(): Resetting model - end: row count = 0.
2023-03-04 00:57:58.467 *nis* 1288 _DMv2_ CLxDeviceManagerv2_SetupSelectionDialogModel::Update(): End - success...
2023-03-04 00:57:58.467 *nis* 1288 _DMv2_ CLxDeviceManagerv2_SetupSelectionDialogModel::CLxDeviceManagerv2_SetupSelectionDialogModel(): Creating model - end
2023-03-04 00:57:58.467 *nis* 1288 _DMv2_ CLxDeviceManagerv2_SetupSelectionDialogModel::CLxDeviceManagerv2_SetupSelectionDialogProperties(): Creating dialog properties.
2023-03-04 00:57:58.468 *nis* 1288 _DMv2_ CLxDeviceManagerv2_SetupSelectionDialog::SetContextProperty read NISShutdownSuccessful: 1
2023-03-04 00:57:58.468 *nis* 1288 _DMv2_ CLxDeviceManagerv2_SetupSelectionDialogProperties::GetModel(): Model valid: 1
2023-03-04 00:57:58.617 *nis* 1288 Qt Debug: Gui Zoom Changed to: 1
2023-03-04 00:57:58.621 *nis* 1288 _DMv2_ CLxDeviceManagerv2_SetupSelectionDialogProperties::GetModel(): Model valid: 1
2023-03-04 00:57:58.850 *nis* 1288 _DMv2_ CLxDeviceManagerv2_SetupSelectionDialogModel::SetupUi(): Setting current index - begin
2023-03-04 00:57:58.850 *nis* 1288 _DMv2_ CLxDeviceManagerv2_SetupSelectionDialogModel::SetupUi(): Setting current index to - 0
2023-03-04 00:57:58.850 *nis* 1288 Qt Debug: Current index: 0
2023-03-04 00:57:58.850 *nis* 1288 _DMv2_ CLxDeviceManagerv2_SetupSelectionDialogModel::SetupUi(): Setting current index to - 1
2023-03-04 00:57:58.852 *nis* 1288 Qt Debug: Current index: 1
2023-03-04 00:57:58.853 *nis* 1288 _DMv2_ CLxDeviceManagerv2_SetupSelectionDialogModel::SetupUi(): SetupUi - end
2023-03-04 00:58:00.024 *nis* 2874 _DMv2_ CLxOpticalPathHWUnitsCatalog::LoadCatalog() - end
2023-03-04 00:58:00.024 *nis* 2874 _DMv2_ CLxDeviceManagerv2::Init() - end
2023-03-04 00:58:03.884 *nis* 1288 Setting current system HW Config ID to 1
2023-03-04 00:58:03.885 *nis* 1288 DeviceDBAppHelper::GetHWConfigCameraString(): End - success...
2023-03-04 00:58:03.887 *nis* 1288 DeviceDBAppHelper::GetHWConfigCameraString(): End - success...
2023-03-04 00:58:03.887 *nis* 1288 Startup message : Running Nikon Ti: A1 - A1...
2023-03-04 00:58:03.888 *nis* 1288 Selected hardware configuration with GUID = {68e219b6-b601-4e2f-8463-37b6af786e9e} (Hardware configuration name = A1 - A1, Setup name = Nikon Ti
2023-03-04 00:58:03.892 *nis* 1288 CLxGrabberManager01::GrabberDriverCreate("CLxGrabberDriverA1New") : OK
2023-03-04 00:58:03.892 *nis* 1288 CLxGenProvider_Low : RecordConfocalMetaDataInNoDelay is not active (optimized for speed)
2023-03-04 00:58:03.892 *nis* 1288 CLxGenProvider_Low : DoNotRecordConfocalMetaDataInHWSequencer is not active (not good for fast framerate)
2023-03-04 00:58:03.892 *nis* 1288 CLxGenProvider_Low : RecordConfocalMetaDataFPSLimit is 31
2023-03-04 00:58:03.893 *nis* 1288 Startup message : Initializing camera...
2023-03-04 00:58:03.894 *nis* 1288 0 = CLxGrabberCoreA1New::set_state(-1) { old was -1 }
2023-03-04 00:58:04.046 *nis* 1288 Startup message : Denoise.ai Initialization...
2023-03-04 00:58:04.085 *nis* 0284 Qt Debug: Cuda::Device::Device , id:  0
2023-03-04 00:58:04.144 *nis* 0284 Qt Debug: Cuda::Device::Device , name:  Quadro RTX 5000
2023-03-04 00:58:04.144 *nis* 0284 Qt Debug: Cuda::Device::Device , memory:  17179541504
2023-03-04 00:58:04.144 *nis* 0284 Qt Debug: LiveDeepDenoiser::init  - initializing
2023-03-04 00:58:04.144 *nis* 0284 Qt Debug: TensorRt::NetworkManager::freeNetworks
2023-03-04 00:58:04.144 *nis* 0284 Qt Debug: MxNet::NetworkManager::freeNetworks
2023-03-04 00:58:04.144 *nis* 0284 Qt Debug: ENTERING MxNet::Executor::Executor.
2023-03-04 00:58:04.144 *nis* 0284 Qt Debug: MxNet::Executor::Executor  - gpu:  true , autotune:  false
2023-03-04 00:58:04.145 *nis* 0284 Qt Debug: ENTERING MxNet::Executor::start.
2023-03-04 00:58:04.145 *nis* 0284 Qt Debug: MxNet::Executor::start
2023-03-04 00:58:04.145 *nis* 0284 Qt Debug: MxNet::Client::Client
2023-03-04 00:58:04.145 *nis* 1720 Qt Debug: MxNet::Client::start  - serverName:  "MxNet_Server_2096362612"
2023-03-04 00:58:04.157 *nis* 1720 Qt Debug: MxNet::Client::started
2023-03-04 00:58:04.210 *nis* 1720 Qt Debug: MxNet::Client::started  -  "listening on MxNet_Server_2096362612 in 512ms"
2023-03-04 00:58:04.210 *nis* 1720 Qt Debug: MxNet::Client::connected
2023-03-04 00:58:04.553 *nis* 1288 Startup message : Denoise.ai Initialization...-
2023-03-04 00:58:04.729 *nis* 0284 Qt Debug: LEAVING MxNet::Executor::start, 584.599ms spent inside.
2023-03-04 00:58:04.729 *nis* 0284 Qt Debug: LEAVING MxNet::Executor::Executor, 584.740ms spent inside.
2023-03-04 00:58:04.773 *nis* 0284 Qt Debug: ENTERING MxNet::Executor::initDenoiser.
2023-03-04 00:58:04.773 *nis* 0284 Qt Debug: MxNet::Executor::initNetworkLow  - gpu  true , autotune  false
2023-03-04 00:58:04.773 *nis* 0284 Qt Debug: MxNet::Executor::initNetworkLow  - trying number of tiles ( 1 ,  1 ,  1 )
2023-03-04 00:58:04.773 *nis* 0284 Qt Debug: MxNet::Executor::initNetworkLow  - trying tile size ( 256 ,  256 ,  1 )
2023-03-04 00:58:04.773 *nis* 0284 Qt Debug: MxNet::Executor::initNetworkLow  - estimate  281542656  + margin  140771328  <=  16058469888
2023-03-04 00:58:05.069 *nis* 1288 Startup message : Denoise.ai Initialization...\
2023-03-04 00:58:05.584 *nis* 1288 Startup message : Denoise.ai Initialization...|
2023-03-04 00:58:05.804 *nis* 0284 Qt Debug: MxNet::Executor::initNetworkLow  - requirement  281018368  + margin  140509184  <=  16058469888
2023-03-04 00:58:05.804 *nis* 0284 Qt Debug: MxNet::Executor::initNetworkLow  - tile size ( 256 ,  256 ,  1 )
2023-03-04 00:58:05.805 *nis* 0284 Qt Debug: MxNet::Executor::initNetworkLow  - number of tiles ( 1 ,  1 ,  1 )
2023-03-04 00:58:05.805 *nis* 0284 Qt Debug: MxNet::Executor::initNetworkLow  - shared memory  20971520
2023-03-04 00:58:05.805 *nis* 0284 Qt Debug: LEAVING MxNet::Executor::initDenoiser, 1032.028ms spent inside.
2023-03-04 00:58:05.805 *nis* 0284 Qt Debug: ENTERING MxNet::Executor::denoise.
2023-03-04 00:58:05.805 *nis* 0284 Qt Debug: MxNet::Executor::networkForwardLow  - gpu  true , autotune  false
2023-03-04 00:58:05.805 *nis* 0284 Qt Debug: MxNet::Executor::networkForwardLow  - image size ( 256 ,  256 ,  1 ), components  5 , num  1
2023-03-04 00:58:05.805 *nis* 0284 Qt Debug: MxNet::Executor::networkForwardLow  - tile size ( 256 ,  256 ,  1 )
2023-03-04 00:58:05.805 *nis* 0284 Qt Debug: MxNet::Executor::networkForwardLow  - number of tiles ( 1 ,  1 ,  1 )
2023-03-04 00:58:05.805 *nis* 0284 Qt Debug: MxNet::Executor::networkForwardLow  - overlap ( 32 ,  32 ,  0 )
2023-03-04 00:58:05.805 *nis* 0284 Qt Debug: MxNet::Executor::networkForwardLow  - total number of tiles  1 , blend  false
2023-03-04 00:58:05.805 *nis* 0284 Qt Debug: MxNet::Executor::networkForwardLow  - num tiles per request  1
2023-03-04 00:58:05.805 *nis* 0284 Qt Debug: MxNet::Executor::networkForwardLow  - processing tiles  0 - 1
2023-03-04 00:58:05.842 *nis* 0284 Qt Debug: LEAVING MxNet::Executor::denoise, 37.557ms spent inside.
2023-03-04 00:58:05.844 *nis* 1288 Startup message : Denoise.ai Initialization.../
2023-03-04 00:58:05.845 *nis* 1288 Startup message : Initializing camera...
2023-03-04 00:58:06.302 *nis* 1288 Pinhole_Initialization() : 60.0, 1.2 = 0
2023-03-04 00:58:06.307 *nis* 1288 A1_Open(), (A1 Grabber)
2023-03-04 00:58:33.816 *nis* 1288 A1_Open() -> returned: -9, ErrMsg = " Error catched! A1ConfocalUnit->Initialize() failed. ErrCode[0x8004a00a]
[IA1ConfocalUnit::Initialize,Controller connection error. ] 
"
2023-03-04 00:58:33.818 *nis* 1288 Threaded_A1_StopThreads_DoNotCloseA1() 37674.82
2023-03-04 00:58:33.818 *nis* 1288 Threaded_A1_StopThreads_DoNotCloseA1() -> returned: 0 (call time: 0.78)
2023-03-04 00:58:39.030 *nis* 1288 DMApi::Refresh() - begin
2023-03-04 00:58:39.034 *nis* 1288 SIM allowed
2023-03-04 00:58:39.035 *nis* 1288 SIM Offline not allowed
2023-03-04 00:58:39.036 *nis* 1288 LX_MessageBox lpText = Nikon Confocal camera driver could not open camera device NikonA1Grabber! lpCaption = Error
2023-03-04 00:58:45.728 *nis* 1288 LX_MessageBox return value = 2
2023-03-04 00:58:45.750 *nis* 1288 Qt Debug: TensorRt::NetworkManager::freeNetworks
2023-03-04 00:58:45.750 *nis* 1288 Qt Debug: Cuda::Device::~Device
2023-03-04 00:58:45.767 *nis* 1288 Device Database connection closed: C:\ProgramData\Laboratory Imaging\Platform\DeviceDatabase_5_30.dat
2023-03-04 00:58:45.768 *nis* 1288 Qt Debug: MxNet::NetworkManager::freeNetworks
2023-03-04 00:58:45.768 *nis* 1288 Qt Debug: ENTERING MxNet::Executor::freeResource.
2023-03-04 00:58:45.770 *nis* 1288 Qt Debug: LEAVING MxNet::Executor::freeResource, 2.301ms spent inside.
2023-03-04 00:58:45.770 *nis* 1288 Qt Debug: MxNet::Executor::~Executor
2023-03-04 00:58:45.770 *nis* 1288 Qt Debug: ENTERING MxNet::Executor::terminate.
2023-03-04 00:58:45.770 *nis* 1288 Qt Debug: MxNet::Executor::terminate
2023-03-04 00:58:45.770 *nis* 1720 Qt Debug: MxNet::Client::terminate
2023-03-04 00:58:45.770 *nis* 1720 Qt Debug: MxNet::Client::disconnected
2023-03-04 00:58:45.825 *nis* 1288 Qt Debug: MxNet::Client::waitForTerminated  - cannot terminate process gracefully
2023-03-04 00:58:45.825 *nis* 1720 Qt Debug: MxNet::Client::~Client
2023-03-04 00:58:45.825 *nis* 1720 Qt Warning: QProcess: Destroyed while process ("C:\\Program Files\\NIS-Elements\\v6_gnr_mxnet_process.exe") is still running.
2023-03-04 00:58:45.922 *nis* 1288 Qt Debug: LEAVING MxNet::Executor::terminate, 151.660ms spent inside.
2023-03-04 00:58:45.922 *nis* 1288 App modules logout start
2023-03-04 00:58:45.925 *nis* 1288 App modules logout finish
2023-03-04 00:58:45.925 *nis* 1288 Application result: FAILED - SETUP AND HW CONFIGURATION SELECTION USER
2023-03-04 00:58:45.925 *nis* 1288 Qt Warning: QObject::killTimer: Timers cannot be stopped from another thread
2023-03-04 00:58:46.042 *nis* 1288 WRAP:CLxWin3264Wrap::Disconnect - successfully disconnected
