2023-03-04 00:56:21.945 *nis* Log session started.
2023-03-04 00:56:21.945 *nis* 26d0 RDTSC instruction NOT present.
2023-03-04 00:56:22.029 *nis* 26d0 UpdateDDBObjectives() : Start.
2023-03-04 00:56:22.029 *nis* 26d0 UpdateDDBObjectives() : End(2).
2023-03-04 00:56:22.050 *nis* 26d0 WinMain() - Phase #00 (application start) - 00:56:22 - 282.15
2023-03-04 00:56:22.237 *nis* 26d0 Qt Warning: Attribute Qt::AA_ShareOpenGLContexts must be set before QCoreApplication is created.
2023-03-04 00:56:22.238 *nis* 26d0 ParseCommandLine() : C:\Program Files\NIS-Elements\nis_ar.exe
2023-03-04 00:56:22.238 *nis* 26d0 CLxSchedulerSupport::GetRegistryValueString read SocketName: 
2023-03-04 00:56:22.238 *nis* 26d0 ENTERING 'CLxRTTI::loadCatalog'
2023-03-04 00:56:22.263 *nis* 26d0 LEAVING  'CLxRTTI::loadCatalog' 25.0ms spent inside
2023-03-04 00:56:22.263 *nis* 26d0 ENTERING 'CLxRTTI::updateCatalog'
2023-03-04 00:56:22.315 *nis* 26d0 ENTERING 'CLxRTTI::saveCatalog'
2023-03-04 00:56:22.315 *nis* 26d0 Saving RTTI cache
2023-03-04 00:56:22.321 *nis* 26d0 LEAVING  'CLxRTTI::saveCatalog' 6.0ms spent inside
2023-03-04 00:56:22.321 *nis* 26d0 LEAVING  'CLxRTTI::updateCatalog' 58.0ms spent inside
2023-03-04 00:56:22.322 *nis* 26d0 LX_LoadLibrary("C:\Program Files\NIS-Elements\v6_gnr_serializer_xml.dll") : OK
2023-03-04 00:56:22.324 *nis* 26d0 IPCServer: Main thread awaiting client connection on \\.\pipe\NIS_ELEMENTS_ARE_RUNNING
2023-03-04 00:56:22.326 *nis* 26d0 BIOS release date: 02/02/2022
2023-03-04 00:56:22.326 *nis* 26d0 BIOS version: P61 v02.78
2023-03-04 00:56:22.326 *nis* 26d0 System Manufacturer: HP
2023-03-04 00:56:22.326 *nis* 26d0 System Product Name: HP Z4 G4 Workstation
2023-03-04 00:56:22.326 *nis* 26d0 Operating System Name: Windows 10 Pro for Workstations
2023-03-04 00:56:22.326 *nis* 26d0 Operating System Version: 10.0.19041.2364
2023-03-04 00:56:22.327 *nis* 26d0 Cstates disable: TRUE
2023-03-04 00:56:22.327 *nis* 1394 Qt Warning: QObject::startTimer: Timers can only be used with threads started with QThread
2023-03-04 00:56:22.327 *nis* 26d0 LX_LoadLibrary("C:\Program Files\NIS-Elements\g5_docuset.dll") : OK
2023-03-04 00:56:22.337 *nis* 26d0 GetSid succeded, user: Confocal, SID: S-1-5-21-156716595-2731499287-1200104426-1001
2023-03-04 00:56:22.343 *nis* 26d0 Windows user: Confocal
2023-03-04 00:56:22.351 *nis* 26d0 SearchAndLoadVendorModules: Application path: C:\Program Files\NIS-Elements\nis_ni?_*.dll
2023-03-04 00:56:22.351 *nis* 26d0 VendorModuleAdd: nis_nii_assay_livedead.dll
2023-03-04 00:56:22.567 *nis* 26d0 VendorModuleAdd: nis_nii_assay_NiiFilePart_TaskAcquireByName_Task.dll
2023-03-04 00:56:22.571 *nis* 26d0 VendorModulesGeneralPlugin: Initializing plugin GeneralPlugin for version 5.3005 b1559
2023-03-04 00:56:22.571 *nis* 26d0 LX_LoadLibrary("C:\Program Files\NIS-Elements\v6_gnr_system.dll") : OK
2023-03-04 00:56:22.573 *nis* 26d0 LX_LoadLibrary("C:\Program Files\NIS-Elements\v6_w32_serializer_reg.dll") : OK
2023-03-04 00:56:22.573 *nis* 26d0 LX_LoadLibrary("C:\Program Files\NIS-Elements\v6_gnr_support_gpu.dll") : OK
2023-03-04 00:56:22.840 *nis* 26d0 Qt Debug: CL PERFORMANCE: device (Quadro RTX 5000), SP (3.4), DP (129.6)
2023-03-04 00:56:22.855 *nis* 26d0 LX_LoadLibrary("C:\Program Files\NIS-Elements\g5_plugin_filters_v2.dll") : OK
2023-03-04 00:56:22.876 *nis* 26d0 CExternalGameDeviceManager::RegisterPluginDeviceType, joystick registered for plugin: Filters - joystick
2023-03-04 00:56:22.876 *nis* 26d0 CLxPluginManager::LoadModules("CLxModuleFilters2") : OK
2023-03-04 00:56:22.878 *nis* 26d0 LX_LoadLibrary("C:\Program Files\NIS-Elements\g5_plugin_storm_new.dll") : OK
2023-03-04 00:56:22.878 *nis* 26d0 CLxPluginManager::LoadModules("CLxModuleStormNew") : OK
2023-03-04 00:56:22.881 *nis* 26d0 LX_LoadLibrary("C:\Program Files\NIS-Elements\g5_plugin_grainsize.dll") : OK
2023-03-04 00:56:22.882 *nis* 26d0 CLxPluginManager::LoadModules("CLxModuleGrainSize") : OK
2023-03-04 00:56:22.883 *nis* 26d0 LX_LoadLibrary("C:\Program Files\NIS-Elements\g5_plugin_Observation.dll") : OK
2023-03-04 00:56:22.883 *nis* 26d0 CLxModuleObservation::CLxModuleObservation
2023-03-04 00:56:22.883 *nis* 26d0 CLxPluginManager::LoadModules("CLxModuleObservation") : OK
2023-03-04 00:56:22.884 *nis* 26d0 LX_LoadLibrary("C:\Program Files\NIS-Elements\g5_plugin_layers.dll") : OK
2023-03-04 00:56:22.884 *nis* 26d0 CLxPluginManager::LoadModules("CLxModuleLayers") : OK
2023-03-04 00:56:22.886 *nis* 26d0 LX_LoadLibrary("C:\Program Files\NIS-Elements\g5_plugin_report.dll") : OK
2023-03-04 00:56:22.886 *nis* 26d0 CLxPluginManager::LoadModules("CLxPluginReport") : OK
2023-03-04 00:56:22.887 *nis* 26d0 LX_LoadLibrary("C:\Program Files\NIS-Elements\g5_plugin_sim.dll") : OK
2023-03-04 00:56:22.912 *nis* 26d0 CLxPluginManager::LoadModules("CLxModuleSim") : OK
2023-03-04 00:56:22.913 *nis* 26d0 LX_LoadLibrary("C:\Program Files\NIS-Elements\g5_plugin_fret.dll") : OK
2023-03-04 00:56:22.913 *nis* 26d0 CLxPluginManager::LoadModules("CLxModuleFRET") : OK
2023-03-04 00:56:22.914 *nis* 26d0 LX_LoadLibrary("C:\Program Files\NIS-Elements\g5_plugin_01.dll") : OK
2023-03-04 00:56:22.915 *nis* 26d0 CLxPluginManager::LoadModules("CLxModule01") : OK
2023-03-04 00:56:22.916 *nis* 26d0 LX_LoadLibrary("C:\Program Files\NIS-Elements\g5_plugin_alveole_leonardo.dll") : OK
2023-03-04 00:56:22.916 *nis* 26d0 CLxPluginManager::LoadModules("CLxModuleAlveoleLeonardo") : OK
2023-03-04 00:56:22.917 *nis* 26d0 LX_LoadLibrary("C:\Program Files\NIS-Elements\g5_plugin_assay_cellproliferation.dll") : OK
2023-03-04 00:56:22.918 *nis* 26d0 CLxPluginManager::LoadModules("CLxModuleAssayCellProliferation") : OK
2023-03-04 00:56:22.920 *nis* 26d0 LX_LoadLibrary("C:\Program Files\NIS-Elements\g5_plugin_assay_ga.dll") : OK
2023-03-04 00:56:22.920 *nis* 26d0 CLxPluginManager::LoadModules("CLxModuleAssayGa") : OK
2023-03-04 00:56:22.925 *nis* 26d0 LX_LoadLibrary("C:\Program Files\NIS-Elements\g5_plugin_assay_ga3.dll") : OK
2023-03-04 00:56:22.927 *nis* 26d0 CLxPluginManager::LoadModules("CLxModuleAssayGa3") : OK
2023-03-04 00:56:22.929 *nis* 26d0 LX_LoadLibrary("C:\Program Files\NIS-Elements\g5_plugin_assay_ga_rgb.dll") : OK
2023-03-04 00:56:22.930 *nis* 26d0 CLxPluginManager::LoadModules("CLxModuleAssayGaRgb") : OK
2023-03-04 00:56:22.931 *nis* 26d0 LX_LoadLibrary("C:\Program Files\NIS-Elements\g5_plugin_assay_motilitytracking.dll") : OK
2023-03-04 00:56:22.932 *nis* 26d0 CLxPluginManager::LoadModules("CLxModuleAssayMotilityTracking") : OK
2023-03-04 00:56:22.933 *nis* 26d0 LX_LoadLibrary("C:\Program Files\NIS-Elements\g5_plugin_assay_oc.dll") : OK
2023-03-04 00:56:22.933 *nis* 26d0 CLxPluginManager::LoadModules("CLxModuleAssayOc") : OK
2023-03-04 00:56:22.934 *nis* 26d0 LX_LoadLibrary("C:\Program Files\NIS-Elements\g5_plugin_assay_outproc.dll") : OK
2023-03-04 00:56:22.934 *nis* 26d0 CLxPluginManager::LoadModules("CLxModuleAssayOutProc") : OK
2023-03-04 00:56:22.936 *nis* 26d0 LX_LoadLibrary("C:\Program Files\NIS-Elements\g5_plugin_assay_qintensity.dll") : OK
2023-03-04 00:56:22.936 *nis* 26d0 CLxPluginManager::LoadModules("CLxModuleAssayQIntensity") : OK
2023-03-04 00:56:22.937 *nis* 26d0 LX_LoadLibrary("C:\Program Files\NIS-Elements\g5_plugin_assay_spt.dll") : OK
2023-03-04 00:56:22.937 *nis* 26d0 CLxPluginManager::LoadModules("CLxModuleAssaySingleParticleTracking") : OK
2023-03-04 00:56:22.939 *nis* 26d0 LX_LoadLibrary("C:\Program Files\NIS-Elements\g5_plugin_assay_woundhealing.dll") : OK
2023-03-04 00:56:22.939 *nis* 26d0 CLxPluginManager::LoadModules("CLxModuleAssayWoundHealing") : OK
2023-03-04 00:56:22.940 *nis* 26d0 LX_LoadLibrary("C:\Program Files\NIS-Elements\g5_plugin_welding.dll") : OK
2023-03-04 00:56:22.940 *nis* 26d0 CLxPluginManager::LoadModules("CLxModuleWelding") : OK
2023-03-04 00:56:22.942 *nis* 26d0 LX_LoadLibrary("C:\Program Files\NIS-Elements\g5_plugin_castiron.dll") : OK
2023-03-04 00:56:22.942 *nis* 26d0 CLxPluginManager::LoadModules("CLxModuleCastIron") : OK
2023-03-04 00:56:22.943 *nis* 26d0 LX_LoadLibrary("C:\Program Files\NIS-Elements\g5_plugin_concrete.dll") : OK
2023-03-04 00:56:22.943 *nis* 26d0 CExternalGameDeviceManager::RegisterPluginDeviceType, joystick registered for plugin: Concrete - joystick
2023-03-04 00:56:22.944 *nis* 26d0 CLxPluginManager::LoadModules("CLxModuleConcrete") : OK
2023-03-04 00:56:22.945 *nis* 26d0 LX_LoadLibrary("C:\Program Files\NIS-Elements\g5_plugin_optogenetics.dll") : OK
2023-03-04 00:56:22.945 *nis* 26d0 CLxPluginManager::LoadModules("CLxModuleOptogenetics") : OK
2023-03-04 00:56:22.947 *nis* 26d0 LX_LoadLibrary("C:\Program Files\NIS-Elements\g5_plugin_edf.dll") : OK
2023-03-04 00:56:22.947 *nis* 26d0 CLxPluginManager::LoadModules("CLxModuleEDF") : OK
2023-03-04 00:56:22.951 *nis* 26d0 LX_LoadLibrary("C:\Program Files\NIS-Elements\g5_plugin_denoise.dll") : OK
2023-03-04 00:56:22.951 *nis* 26d0 CLxPluginManager::LoadModules("CLxModuleDenoise") : OK
2023-03-04 00:56:22.960 *nis* 26d0 LX_LoadLibrary("C:\Program Files\NIS-Elements\g5_plugin_confocal_new.dll") : OK
2023-03-04 00:56:22.964 *nis* 26d0 CLxPluginManager::LoadModules("CLxModuleConfocalNew") : OK
2023-03-04 00:56:22.966 *nis* 26d0 LX_LoadLibrary("C:\Program Files\NIS-Elements\g5_plugin_deconv.dll") : OK
2023-03-04 00:56:22.967 *nis* 26d0 CLxPluginManager::LoadModules("CLxModuleDeconv") : OK
2023-03-04 00:56:22.969 *nis* 26d0 LX_LoadLibrary("C:\Program Files\NIS-Elements\g5_plugin_deeplearning.dll") : OK
2023-03-04 00:56:22.969 *nis* 26d0 CLxPluginManager::LoadModules("CLxModuleDeepLearning") : OK
2023-03-04 00:56:22.971 *nis* 26d0 LX_LoadLibrary("C:\Program Files\NIS-Elements\g5_plugin_LiveSR.dll") : OK
2023-03-04 00:56:22.971 *nis* 26d0 CLxPluginManager::LoadModules("CLxModuleLiveSR") : OK
2023-03-04 00:56:23.027 *nis* 26d0 License ID 2CC54E41 is used.
2023-03-04 00:56:23.214 *nis* 26d0 CLxPluginManager::LoadModules() - module 'CLxModuleFilters2' not allowed by license.
2023-03-04 00:56:23.217 *nis* 26d0 CLxPluginManager::LoadModules() - module 'CLxModuleGrainSize' not allowed by license.
2023-03-04 00:56:23.219 *nis* 26d0 CLxModuleObservation::~CLxModuleObservation
2023-03-04 00:56:23.219 *nis* 26d0 CLxPluginManager::LoadModules() - module 'CLxModuleObservation' not allowed by license.
2023-03-04 00:56:23.221 *nis* 26d0 CLxPluginManager::LoadModules() - module 'CLxModuleLayers' not allowed by license.
2023-03-04 00:56:23.225 *nis* 26d0 CLxPluginManager::LoadModules() - module 'CLxModuleFRET' not allowed by license.
2023-03-04 00:56:23.231 *nis* 26d0 CLxPluginManager::LoadModules() - module 'CLxModuleAssayGaRgb' not allowed by license.
2023-03-04 00:56:23.236 *nis* 26d0 CLxPluginManager::LoadModules() - module 'CLxModuleAssaySingleParticleTracking' not allowed by license.
2023-03-04 00:56:23.239 *nis* 26d0 CLxPluginManager::LoadModules() - module 'CLxModuleWelding' not allowed by license.
2023-03-04 00:56:23.241 *nis* 26d0 CLxPluginManager::LoadModules() - module 'CLxModuleCastIron' not allowed by license.
2023-03-04 00:56:23.242 *nis* 26d0 CLxPluginManager::LoadModules() - module 'CLxModuleConcrete' not allowed by license.
2023-03-04 00:56:23.244 *nis* 26d0 CLxPluginManager::LoadModules() - module 'CLxModuleOptogenetics' not allowed by license.
2023-03-04 00:56:23.246 *nis* 26d0 CLxPluginManager::LoadModules() - module 'CLxModuleEDF' not allowed by license.
2023-03-04 00:56:23.253 *nis* 26d0 CLxPluginManager::LoadModules() - module 'CLxModuleLiveSR' not allowed by license.
2023-03-04 00:56:23.255 *nis* 26d0 CLxLocale::SetLangID(1033) : English
2023-03-04 00:56:23.368 *nis* 26d0 SetLuciaVersion() : NIS-Elements AR; 5.30.05 (Build 1559) 64 bit
2023-03-04 00:56:23.371 *nis* 26d0 LX_LoadLibrary("C:\Program Files\NIS-Elements\v6_gnr_reportobjects.dll") : OK
2023-03-04 00:56:23.374 *nis* 26d0 LX_LoadLibrary("C:\Program Files\NIS-Elements\g5_metalo_support.dll") : OK
2023-03-04 00:56:23.521 *nis* 26d0 Font Zoom: 1.00
2023-03-04 00:56:23.521 *nis* 26d0 Font Zoom: 1.00
2023-03-04 00:56:23.545 *nis* 26d0 Init color scheme: 2; Flat: 1
2023-03-04 00:56:23.582 *nis* 26d0 LX_LoadLibrary("C:\Program Files\NIS-Elements\v6_gnr_imageformatmanager.dll") : OK
2023-03-04 00:56:23.585 *nis* 26d0 LX_LoadLibrary("C:\Program Files\NIS-Elements\v6_gnr_imageformat_tif.dll") : OK
2023-03-04 00:56:23.585 *nis* 26d0 CLxImageFormatManagerImpl::RegisterImageFormat("CLxImageFormatLSM") : OK
2023-03-04 00:56:23.585 *nis* 26d0 CLxImageFormatManagerImpl::RegisterImageFormat("CLxImageFormatOMETIF") : Failed GetID(...)
2023-03-04 00:56:23.587 *nis* 26d0 LX_LoadLibrary("C:\Program Files\NIS-Elements\v6_gnr_imageformat_lim.dll") : OK
2023-03-04 00:56:23.587 *nis* 26d0 CLxImageFormatManagerImpl::RegisterImageFormat("CLxImageFormatLIM") : OK
2023-03-04 00:56:23.588 *nis* 26d0 LX_LoadLibrary("C:\Program Files\NIS-Elements\v6_gnr_imageformat_nd2.dll") : OK
2023-03-04 00:56:23.588 *nis* 26d0 CLxImageFormatManagerImpl::RegisterImageFormat("CLxImageFormatND2") : OK
2023-03-04 00:56:23.592 *nis* 26d0 LX_LoadLibrary("C:\Program Files\NIS-Elements\v6_gnr_imageformat_ndp.dll") : OK
2023-03-04 00:56:23.592 *nis* 26d0 CLxImageFormatManagerImpl::RegisterImageFormat("CLxImageFormatNDP") : OK
2023-03-04 00:56:23.593 *nis* 26d0 LX_LoadLibrary("C:\Program Files\NIS-Elements\v6_gnr_imageformat_nef.dll") : OK
2023-03-04 00:56:23.630 *nis* 26d0 CLxImageFormatManagerImpl::RegisterImageFormat("CLxImageFormatNEF") : OK
2023-03-04 00:56:23.631 *nis* 26d0 LX_LoadLibrary("C:\Program Files\NIS-Elements\v6_w32_imageformat_avi.dll") : OK
2023-03-04 00:56:23.631 *nis* 26d0 CLxImageFormatManagerImpl::RegisterImageFormat("CLxImageFormatAVI") : OK
2023-03-04 00:56:23.633 *nis* 26d0 LX_LoadLibrary("C:\Program Files\NIS-Elements\v6_w32_imageformat_mov.dll") : OK
2023-03-04 00:56:23.633 *nis* 26d0 WRAP:CLxWin3264Wrap::Connect - trying to connect ...
2023-03-04 00:56:23.729 *nis* 26d0 WRAP:CLxWin3264Wrap::Connect - successfully connected
2023-03-04 00:56:23.750 *nis* 26d0 WRAP:CLxWin3264Wrap::Disconnect - successfully disconnected
2023-03-04 00:56:23.750 *nis* 26d0 CLxImageFormatManagerImpl::RegisterImageFormat("CLxImageFormatMov") : Failed GetID(...)
2023-03-04 00:56:23.756 *nis* 26d0 LX_LoadLibrary("C:\Program Files\NIS-Elements\v6_w32_imageformat_mp4.dll") : OK
2023-03-04 00:56:23.757 *nis* 26d0 CLxImageFormatManagerImpl::RegisterImageFormat("CLxImageFormatMP4") : OK
2023-03-04 00:56:23.757 *nis* 26d0 LX_LoadLibrary("C:\Program Files\NIS-Elements\v6_gnr_imagefilecontainer.dll") : OK
2023-03-04 00:56:23.757 *nis* 26d0 CLxImageFormatManagerImpl::RegisterImageFormat("CLxImageFormatContainer") : Failed GetID(...)
2023-03-04 00:56:23.759 *nis* 26d0 LX_LoadLibrary("C:\Program Files\NIS-Elements\v6_gnr_imageformat_jp2.dll") : OK
2023-03-04 00:56:23.759 *nis* 26d0 CLxImageFormatManagerImpl::RegisterImageFormat("CLxImageFormatND") : OK
2023-03-04 00:56:23.759 *nis* 26d0 CLxImageFormatManagerImpl::RegisterImageFormat("CLxImageFormatJP2") : OK
2023-03-04 00:56:23.765 *nis* 26d0 LX_LoadLibrary("C:\Program Files\NIS-Elements\v6_gnr_imageformat_ometiff.dll") : OK
2023-03-04 00:56:23.765 *nis* 26d0 CLxImageFormatManagerImpl::RegisterImageFormat("CLxImageFormatOMETIFF") : OK
2023-03-04 00:56:23.765 *nis* 26d0 CLxImageFormatManagerImpl::RegisterImageFormat("CLxImageFormatTIF") : OK
2023-03-04 00:56:23.779 *nis* 26d0 LX_LoadLibrary("C:\Program Files\NIS-Elements\v6_gnr_imageformat_json.dll") : OK
2023-03-04 00:56:23.780 *nis* 26d0 CLxImageFormatManagerImpl::RegisterImageFormat("CLxImageFormatJson") : OK
2023-03-04 00:56:23.781 *nis* 26d0 LX_LoadLibrary("C:\Program Files\NIS-Elements\v6_gnr_imageformat_jpg2.dll") : OK
2023-03-04 00:56:23.781 *nis* 26d0 CLxImageFormatManagerImpl::RegisterImageFormat("CLxImageFormatJPG") : OK
2023-03-04 00:56:23.786 *nis* 26d0 LX_LoadLibrary("C:\Program Files\NIS-Elements\v6_w32_imageformat_lead.dll") : OK
2023-03-04 00:56:23.786 *nis* 26d0 CLxImageFormatManagerImpl::RegisterImageFormat("CLxImageFormatGIF") : OK
2023-03-04 00:56:23.786 *nis* 26d0 CLxImageFormatManagerImpl::RegisterImageFormat("CLxImageFormatBMP") : OK
2023-03-04 00:56:23.787 *nis* 26d0 LX_LoadLibrary("C:\Program Files\NIS-Elements\v6_w32_imageformat_PNG.dll") : OK
2023-03-04 00:56:23.787 *nis* 26d0 CLxImageFormatManagerImpl::RegisterImageFormat("CLxImageFormatPNG") : OK
2023-03-04 00:56:23.788 *nis* 26d0 CLxImageFormatManagerImpl::RegisterImageFormat("CLxImageFormatPSD") : OK
2023-03-04 00:56:23.789 *nis* 26d0 LX_LoadLibrary("C:\Program Files\NIS-Elements\v6_gnr_imageformat_ics.dll") : OK
2023-03-04 00:56:23.789 *nis* 26d0 CLxImageFormatManagerImpl::RegisterImageFormat("CLxImageFormatICS") : OK
2023-03-04 00:56:23.790 *nis* 26d0 LX_LoadLibrary("C:\Program Files\NIS-Elements\v6_gnr_imageformat_clipboard.dll") : OK
2023-03-04 00:56:23.790 *nis* 26d0 CLxImageFormatManagerImpl::RegisterImageFormat("CLxImageFormatClipboard") : OK
2023-03-04 00:56:23.790 *nis* 26d0 CLxImageFormatManagerImpl::RegisterImageFormat("CLxImageFormatDIB") : OK
2023-03-04 00:56:23.790 *nis* 26d0 Startup message : Checking user rights...
2023-03-04 00:56:23.792 *nis* 26d0 WinMain() - Phase #01 (before SelectGrabber()) - 00:56:23 - 1742.32
2023-03-04 00:56:23.792 *nis* 26d0 Startup message : Restoring Database of Devices...
2023-03-04 00:56:23.793 *nis* 26d0 Startup message : Initializing Device Database...
2023-03-04 00:56:23.796 *nis* 26d0 Device Database connection opened: C:\ProgramData\Laboratory Imaging\Platform\DeviceDatabase_5_30.dat
2023-03-04 00:56:23.797 *nis* 26d0 Device Database version 46 checked successfully
2023-03-04 00:56:23.798 *nis* 26d0 Current system User ID is 1
2023-03-04 00:56:23.798 *nis* 26d0 Current system HW Config ID is 1
2023-03-04 00:56:23.799 *nis* 26d0 Current system Lightpath ID is 3
2023-03-04 00:56:23.814 *nis* 26d0 DeviceDBAppHelper::GetHWConfigCameraString(): End - success...
2023-03-04 00:56:23.816 *nis* 26d0 Startup message : Selecting Setup and Hardware Configuration...
2023-03-04 00:56:23.816 *nis* 16e8 _DMv2_ CLxDeviceManagerv2::Init() - begin
2023-03-04 00:56:23.816 *nis* 16e8 _DMv2_ CLxDeviceManagerv2::Init() - #3
2023-03-04 00:56:23.816 *nis* 16e8 _DMv2_ CLxOpticalPathHWUnitsCatalog::LoadCatalog() - begin
2023-03-04 00:56:23.817 *nis* 26d0 LX_LoadLibrary("C:\Program Files\NIS-Elements\v6_gnr_grabbermanager01.dll") : OK
2023-03-04 00:56:23.818 *nis* 26d0 CLxGrabberManager01: Driver version OK. (CLxGrabberDriverGeneral, C:\Program Files\NIS-Elements\v6_gnr_grabbermanager01.dll)
2023-03-04 00:56:23.818 *nis* 26d0 CLxGrabberManager01: Driver version OK. (CLxGrabberDriverA1New, C:\Program Files\NIS-Elements\g5_plugin_confocal_new.dll)
2023-03-04 00:56:23.818 *nis* 26d0 CLxGrabberManager01: Driver version OK. (CLxGrabberDriverAndor, C:\Program Files\NIS-Elements\v6_w32_grabber_andor.dll)
2023-03-04 00:56:23.819 *nis* 26d0 CLxGrabberManager01: Driver version OK. (CLxGrabberDriverImgsrc, C:\Program Files\NIS-Elements\v6_w32_grabber_imagingsource.dll)
2023-03-04 00:56:23.831 *nis* 26d0 CLxGrabberManager01::GrabberDriverBan("CLxGrabberDriverImgsrc")
2023-03-04 00:56:23.832 *nis* 26d0 _DMv2_ CLxDeviceManagerv2::ShowSetupAndHWConfigSelectionDialog()
2023-03-04 00:56:23.870 *nis* 26d0 _DMv2_ CLxDeviceManagerv2_SetupSelectionDialogModel::SetupUi(): begin
2023-03-04 00:56:23.870 *nis* 26d0 _DMv2_ CLxDeviceManagerv2_SetupSelectionDialogModel::CLxDeviceManagerv2_SetupSelectionDialogModel(): Creating model - begin
2023-03-04 00:56:23.870 *nis* 26d0 _DMv2_ CLxDeviceManagerv2_SetupSelectionDialogModel::Update(): begin
2023-03-04 00:56:23.870 *nis* 26d0 _DMv2_ CLxDeviceManagerv2_SetupSelectionDialogModel::clear(): Resetting model - begin: row count = 0.
2023-03-04 00:56:23.870 *nis* 26d0 _DMv2_ CLxDeviceManagerv2_SetupSelectionDialogModel::clear(): Resetting model - end: row count = 0.
2023-03-04 00:56:23.872 *nis* 26d0 _DMv2_ CLxDeviceManagerv2_SetupSelectionDialogModel::Update(): End - success...
2023-03-04 00:56:23.872 *nis* 26d0 _DMv2_ CLxDeviceManagerv2_SetupSelectionDialogModel::CLxDeviceManagerv2_SetupSelectionDialogModel(): Creating model - end
2023-03-04 00:56:23.872 *nis* 26d0 _DMv2_ CLxDeviceManagerv2_SetupSelectionDialogModel::CLxDeviceManagerv2_SetupSelectionDialogProperties(): Creating dialog properties.
2023-03-04 00:56:23.872 *nis* 26d0 _DMv2_ CLxDeviceManagerv2_SetupSelectionDialog::SetContextProperty read NISShutdownSuccessful: 1
2023-03-04 00:56:23.872 *nis* 26d0 _DMv2_ CLxDeviceManagerv2_SetupSelectionDialogProperties::GetModel(): Model valid: 1
2023-03-04 00:56:24.015 *nis* 26d0 Qt Debug: Gui Zoom Changed to: 1
2023-03-04 00:56:24.020 *nis* 26d0 _DMv2_ CLxDeviceManagerv2_SetupSelectionDialogProperties::GetModel(): Model valid: 1
2023-03-04 00:56:24.225 *nis* 26d0 _DMv2_ CLxDeviceManagerv2_SetupSelectionDialogModel::SetupUi(): Setting current index - begin
2023-03-04 00:56:24.225 *nis* 26d0 _DMv2_ CLxDeviceManagerv2_SetupSelectionDialogModel::SetupUi(): Setting current index to - 0
2023-03-04 00:56:24.225 *nis* 26d0 Qt Debug: Current index: 0
2023-03-04 00:56:24.225 *nis* 26d0 _DMv2_ CLxDeviceManagerv2_SetupSelectionDialogModel::SetupUi(): Setting current index to - 1
2023-03-04 00:56:24.227 *nis* 26d0 Qt Debug: Current index: 1
2023-03-04 00:56:24.228 *nis* 26d0 _DMv2_ CLxDeviceManagerv2_SetupSelectionDialogModel::SetupUi(): SetupUi - end
2023-03-04 00:56:25.411 *nis* 16e8 _DMv2_ CLxOpticalPathHWUnitsCatalog::LoadCatalog() - end
2023-03-04 00:56:25.411 *nis* 16e8 _DMv2_ CLxDeviceManagerv2::Init() - end
2023-03-04 00:56:28.173 *nis* 26d0 Setting current system HW Config ID to 1
2023-03-04 00:56:28.174 *nis* 26d0 DeviceDBAppHelper::GetHWConfigCameraString(): End - success...
2023-03-04 00:56:28.175 *nis* 26d0 DeviceDBAppHelper::GetHWConfigCameraString(): End - success...
2023-03-04 00:56:28.175 *nis* 26d0 Startup message : Running Nikon Ti: A1 - A1...
2023-03-04 00:56:28.176 *nis* 26d0 Selected hardware configuration with GUID = {68e219b6-b601-4e2f-8463-37b6af786e9e} (Hardware configuration name = A1 - A1, Setup name = Nikon Ti
2023-03-04 00:56:28.181 *nis* 26d0 CLxGrabberManager01::GrabberDriverCreate("CLxGrabberDriverA1New") : OK
2023-03-04 00:56:28.181 *nis* 26d0 CLxGenProvider_Low : RecordConfocalMetaDataInNoDelay is not active (optimized for speed)
2023-03-04 00:56:28.181 *nis* 26d0 CLxGenProvider_Low : DoNotRecordConfocalMetaDataInHWSequencer is not active (not good for fast framerate)
2023-03-04 00:56:28.181 *nis* 26d0 CLxGenProvider_Low : RecordConfocalMetaDataFPSLimit is 31
2023-03-04 00:56:28.181 *nis* 26d0 Startup message : Initializing camera...
2023-03-04 00:56:28.182 *nis* 26d0 0 = CLxGrabberCoreA1New::set_state(-1) { old was -1 }
2023-03-04 00:56:28.334 *nis* 26d0 Startup message : Denoise.ai Initialization...
2023-03-04 00:56:28.371 *nis* 2148 Qt Debug: Cuda::Device::Device , id:  0
2023-03-04 00:56:28.431 *nis* 2148 Qt Debug: Cuda::Device::Device , name:  Quadro RTX 5000
2023-03-04 00:56:28.431 *nis* 2148 Qt Debug: Cuda::Device::Device , memory:  17179541504
2023-03-04 00:56:28.431 *nis* 2148 Qt Debug: LiveDeepDenoiser::init  - initializing
2023-03-04 00:56:28.432 *nis* 2148 Qt Debug: TensorRt::NetworkManager::freeNetworks
2023-03-04 00:56:28.432 *nis* 2148 Qt Debug: MxNet::NetworkManager::freeNetworks
2023-03-04 00:56:28.432 *nis* 2148 Qt Debug: ENTERING MxNet::Executor::Executor.
2023-03-04 00:56:28.432 *nis* 2148 Qt Debug: MxNet::Executor::Executor  - gpu:  true , autotune:  false
2023-03-04 00:56:28.432 *nis* 2148 Qt Debug: ENTERING MxNet::Executor::start.
2023-03-04 00:56:28.432 *nis* 2148 Qt Debug: MxNet::Executor::start
2023-03-04 00:56:28.432 *nis* 2148 Qt Debug: MxNet::Client::Client
2023-03-04 00:56:28.432 *nis* 37c8 Qt Debug: MxNet::Client::start  - serverName:  "MxNet_Server_1233529937"
2023-03-04 00:56:28.440 *nis* 37c8 Qt Debug: MxNet::Client::started
2023-03-04 00:56:28.529 *nis* 37c8 Qt Debug: MxNet::Client::started  -  "listening on MxNet_Server_1233529937 in 468ms"
2023-03-04 00:56:28.529 *nis* 37c8 Qt Debug: MxNet::Client::connected
2023-03-04 00:56:28.841 *nis* 26d0 Startup message : Denoise.ai Initialization...-
2023-03-04 00:56:29.049 *nis* 2148 Qt Debug: LEAVING MxNet::Executor::start, 617.106ms spent inside.
2023-03-04 00:56:29.049 *nis* 2148 Qt Debug: LEAVING MxNet::Executor::Executor, 617.248ms spent inside.
2023-03-04 00:56:29.094 *nis* 2148 Qt Debug: ENTERING MxNet::Executor::initDenoiser.
2023-03-04 00:56:29.094 *nis* 2148 Qt Debug: MxNet::Executor::initNetworkLow  - gpu  true , autotune  false
2023-03-04 00:56:29.094 *nis* 2148 Qt Debug: MxNet::Executor::initNetworkLow  - trying number of tiles ( 1 ,  1 ,  1 )
2023-03-04 00:56:29.094 *nis* 2148 Qt Debug: MxNet::Executor::initNetworkLow  - trying tile size ( 256 ,  256 ,  1 )
2023-03-04 00:56:29.094 *nis* 2148 Qt Debug: MxNet::Executor::initNetworkLow  - estimate  281542656  + margin  140771328  <=  16058424832
2023-03-04 00:56:29.356 *nis* 26d0 Startup message : Denoise.ai Initialization...\
2023-03-04 00:56:29.872 *nis* 26d0 Startup message : Denoise.ai Initialization...|
2023-03-04 00:56:30.113 *nis* 2148 Qt Debug: MxNet::Executor::initNetworkLow  - requirement  281018368  + margin  140509184  <=  16058424832
2023-03-04 00:56:30.113 *nis* 2148 Qt Debug: MxNet::Executor::initNetworkLow  - tile size ( 256 ,  256 ,  1 )
2023-03-04 00:56:30.114 *nis* 2148 Qt Debug: MxNet::Executor::initNetworkLow  - number of tiles ( 1 ,  1 ,  1 )
2023-03-04 00:56:30.114 *nis* 2148 Qt Debug: MxNet::Executor::initNetworkLow  - shared memory  20971520
2023-03-04 00:56:30.114 *nis* 2148 Qt Debug: LEAVING MxNet::Executor::initDenoiser, 1020.125ms spent inside.
2023-03-04 00:56:30.114 *nis* 2148 Qt Debug: ENTERING MxNet::Executor::denoise.
2023-03-04 00:56:30.114 *nis* 2148 Qt Debug: MxNet::Executor::networkForwardLow  - gpu  true , autotune  false
2023-03-04 00:56:30.114 *nis* 2148 Qt Debug: MxNet::Executor::networkForwardLow  - image size ( 256 ,  256 ,  1 ), components  5 , num  1
2023-03-04 00:56:30.114 *nis* 2148 Qt Debug: MxNet::Executor::networkForwardLow  - tile size ( 256 ,  256 ,  1 )
2023-03-04 00:56:30.114 *nis* 2148 Qt Debug: MxNet::Executor::networkForwardLow  - number of tiles ( 1 ,  1 ,  1 )
2023-03-04 00:56:30.114 *nis* 2148 Qt Debug: MxNet::Executor::networkForwardLow  - overlap ( 32 ,  32 ,  0 )
2023-03-04 00:56:30.114 *nis* 2148 Qt Debug: MxNet::Executor::networkForwardLow  - total number of tiles  1 , blend  false
2023-03-04 00:56:30.114 *nis* 2148 Qt Debug: MxNet::Executor::networkForwardLow  - num tiles per request  1
2023-03-04 00:56:30.114 *nis* 2148 Qt Debug: MxNet::Executor::networkForwardLow  - processing tiles  0 - 1
2023-03-04 00:56:30.151 *nis* 2148 Qt Debug: LEAVING MxNet::Executor::denoise, 37.384ms spent inside.
2023-03-04 00:56:30.153 *nis* 2148 Qt Debug: LiveDeepDenoiser::init  - measuring performance
2023-03-04 00:56:30.153 *nis* 2148 Qt Debug: TensorRt::NetworkManager::freeNetworks
2023-03-04 00:56:30.153 *nis* 2148 Qt Debug: ENTERING MxNet::Executor::denoise.
2023-03-04 00:56:30.153 *nis* 2148 Qt Debug: MxNet::Executor::networkForwardLow  - gpu  true , autotune  false
2023-03-04 00:56:30.153 *nis* 2148 Qt Debug: MxNet::Executor::networkForwardLow  - image size ( 256 ,  256 ,  1 ), components  5 , num  1
2023-03-04 00:56:30.153 *nis* 2148 Qt Debug: MxNet::Executor::networkForwardLow  - tile size ( 256 ,  256 ,  1 )
2023-03-04 00:56:30.153 *nis* 2148 Qt Debug: MxNet::Executor::networkForwardLow  - number of tiles ( 1 ,  1 ,  1 )
2023-03-04 00:56:30.153 *nis* 2148 Qt Debug: MxNet::Executor::networkForwardLow  - overlap ( 32 ,  32 ,  0 )
2023-03-04 00:56:30.154 *nis* 2148 Qt Debug: MxNet::Executor::networkForwardLow  - total number of tiles  1 , blend  false
2023-03-04 00:56:30.154 *nis* 2148 Qt Debug: MxNet::Executor::networkForwardLow  - num tiles per request  1
2023-03-04 00:56:30.154 *nis* 2148 Qt Debug: MxNet::Executor::networkForwardLow  - processing tiles  0 - 1
2023-03-04 00:56:30.182 *nis* 2148 Qt Debug: LEAVING MxNet::Executor::denoise, 28.489ms spent inside.
2023-03-04 00:56:30.182 *nis* 2148 Qt Debug: TensorRt::NetworkManager::freeNetworks
2023-03-04 00:56:30.182 *nis* 2148 Qt Debug: ENTERING MxNet::Executor::denoise.
2023-03-04 00:56:30.182 *nis* 2148 Qt Debug: MxNet::Executor::networkForwardLow  - gpu  true , autotune  false
2023-03-04 00:56:30.182 *nis* 2148 Qt Debug: MxNet::Executor::networkForwardLow  - image size ( 256 ,  256 ,  1 ), components  5 , num  1
2023-03-04 00:56:30.182 *nis* 2148 Qt Debug: MxNet::Executor::networkForwardLow  - tile size ( 256 ,  256 ,  1 )
2023-03-04 00:56:30.182 *nis* 2148 Qt Debug: MxNet::Executor::networkForwardLow  - number of tiles ( 1 ,  1 ,  1 )
2023-03-04 00:56:30.182 *nis* 2148 Qt Debug: MxNet::Executor::networkForwardLow  - overlap ( 32 ,  32 ,  0 )
2023-03-04 00:56:30.182 *nis* 2148 Qt Debug: MxNet::Executor::networkForwardLow  - total number of tiles  1 , blend  false
2023-03-04 00:56:30.182 *nis* 2148 Qt Debug: MxNet::Executor::networkForwardLow  - num tiles per request  1
2023-03-04 00:56:30.182 *nis* 2148 Qt Debug: MxNet::Executor::networkForwardLow  - processing tiles  0 - 1
2023-03-04 00:56:30.210 *nis* 2148 Qt Debug: LEAVING MxNet::Executor::denoise, 28.496ms spent inside.
2023-03-04 00:56:30.211 *nis* 2148 Qt Debug: TensorRt::NetworkManager::freeNetworks
2023-03-04 00:56:30.211 *nis* 2148 Qt Debug: ENTERING MxNet::Executor::denoise.
2023-03-04 00:56:30.211 *nis* 2148 Qt Debug: MxNet::Executor::networkForwardLow  - gpu  true , autotune  false
2023-03-04 00:56:30.211 *nis* 2148 Qt Debug: MxNet::Executor::networkForwardLow  - image size ( 256 ,  256 ,  1 ), components  5 , num  1
2023-03-04 00:56:30.211 *nis* 2148 Qt Debug: MxNet::Executor::networkForwardLow  - tile size ( 256 ,  256 ,  1 )
2023-03-04 00:56:30.211 *nis* 2148 Qt Debug: MxNet::Executor::networkForwardLow  - number of tiles ( 1 ,  1 ,  1 )
2023-03-04 00:56:30.211 *nis* 2148 Qt Debug: MxNet::Executor::networkForwardLow  - overlap ( 32 ,  32 ,  0 )
2023-03-04 00:56:30.211 *nis* 2148 Qt Debug: MxNet::Executor::networkForwardLow  - total number of tiles  1 , blend  false
2023-03-04 00:56:30.211 *nis* 2148 Qt Debug: MxNet::Executor::networkForwardLow  - num tiles per request  1
2023-03-04 00:56:30.211 *nis* 2148 Qt Debug: MxNet::Executor::networkForwardLow  - processing tiles  0 - 1
2023-03-04 00:56:30.239 *nis* 2148 Qt Debug: LEAVING MxNet::Executor::denoise, 28.179ms spent inside.
2023-03-04 00:56:30.239 *nis* 2148 Qt Debug: TensorRt::NetworkManager::freeNetworks
2023-03-04 00:56:30.239 *nis* 2148 Qt Debug: ENTERING MxNet::Executor::denoise.
2023-03-04 00:56:30.239 *nis* 2148 Qt Debug: MxNet::Executor::networkForwardLow  - gpu  true , autotune  false
2023-03-04 00:56:30.239 *nis* 2148 Qt Debug: MxNet::Executor::networkForwardLow  - image size ( 256 ,  256 ,  1 ), components  5 , num  1
2023-03-04 00:56:30.239 *nis* 2148 Qt Debug: MxNet::Executor::networkForwardLow  - tile size ( 256 ,  256 ,  1 )
2023-03-04 00:56:30.239 *nis* 2148 Qt Debug: MxNet::Executor::networkForwardLow  - number of tiles ( 1 ,  1 ,  1 )
2023-03-04 00:56:30.239 *nis* 2148 Qt Debug: MxNet::Executor::networkForwardLow  - overlap ( 32 ,  32 ,  0 )
2023-03-04 00:56:30.239 *nis* 2148 Qt Debug: MxNet::Executor::networkForwardLow  - total number of tiles  1 , blend  false
2023-03-04 00:56:30.239 *nis* 2148 Qt Debug: MxNet::Executor::networkForwardLow  - num tiles per request  1
2023-03-04 00:56:30.239 *nis* 2148 Qt Debug: MxNet::Executor::networkForwardLow  - processing tiles  0 - 1
2023-03-04 00:56:30.264 *nis* 2148 Qt Debug: LEAVING MxNet::Executor::denoise, 25.650ms spent inside.
2023-03-04 00:56:30.266 *nis* 2148 Qt Debug: TensorRt::NetworkManager::freeNetworks
2023-03-04 00:56:30.266 *nis* 2148 Qt Debug: ENTERING MxNet::Executor::freeResource.
2023-03-04 00:56:30.268 *nis* 2148 Qt Debug: LEAVING MxNet::Executor::freeResource, 2.115ms spent inside.
2023-03-04 00:56:30.268 *nis* 2148 Qt Debug: ENTERING MxNet::Executor::initDenoiser.
2023-03-04 00:56:30.268 *nis* 2148 Qt Debug: MxNet::Executor::initNetworkLow  - gpu  true , autotune  false
2023-03-04 00:56:30.268 *nis* 2148 Qt Debug: MxNet::Executor::initNetworkLow  - trying number of tiles ( 1 ,  1 ,  1 )
2023-03-04 00:56:30.268 *nis* 2148 Qt Debug: MxNet::Executor::initNetworkLow  - trying tile size ( 512 ,  512 ,  1 )
2023-03-04 00:56:30.268 *nis* 2148 Qt Debug: MxNet::Executor::initNetworkLow  - estimate  1126170624  + margin  563085312  <=  16058424832
2023-03-04 00:56:30.288 *nis* 2148 Qt Debug: MxNet::Executor::initNetworkLow  - requirement  1126170624  + margin  285192832  <=  16058424832
2023-03-04 00:56:30.288 *nis* 2148 Qt Debug: MxNet::Executor::initNetworkLow  - tile size ( 512 ,  512 ,  1 )
2023-03-04 00:56:30.288 *nis* 2148 Qt Debug: MxNet::Executor::initNetworkLow  - number of tiles ( 1 ,  1 ,  1 )
2023-03-04 00:56:30.288 *nis* 2148 Qt Debug: MxNet::Executor::initNetworkLow  - shared memory  83886080
2023-03-04 00:56:30.289 *nis* 2148 Qt Debug: LEAVING MxNet::Executor::initDenoiser, 21.178ms spent inside.
2023-03-04 00:56:30.289 *nis* 2148 Qt Debug: ENTERING MxNet::Executor::denoise.
2023-03-04 00:56:30.289 *nis* 2148 Qt Debug: MxNet::Executor::networkForwardLow  - gpu  true , autotune  false
2023-03-04 00:56:30.289 *nis* 2148 Qt Debug: MxNet::Executor::networkForwardLow  - image size ( 512 ,  512 ,  1 ), components  5 , num  1
2023-03-04 00:56:30.289 *nis* 2148 Qt Debug: MxNet::Executor::networkForwardLow  - tile size ( 512 ,  512 ,  1 )
2023-03-04 00:56:30.289 *nis* 2148 Qt Debug: MxNet::Executor::networkForwardLow  - number of tiles ( 1 ,  1 ,  1 )
2023-03-04 00:56:30.289 *nis* 2148 Qt Debug: MxNet::Executor::networkForwardLow  - overlap ( 32 ,  32 ,  0 )
2023-03-04 00:56:30.289 *nis* 2148 Qt Debug: MxNet::Executor::networkForwardLow  - total number of tiles  1 , blend  false
2023-03-04 00:56:30.289 *nis* 2148 Qt Debug: MxNet::Executor::networkForwardLow  - num tiles per request  1
2023-03-04 00:56:30.290 *nis* 2148 Qt Debug: MxNet::Executor::networkForwardLow  - processing tiles  0 - 1
2023-03-04 00:56:30.386 *nis* 2148 Qt Debug: LEAVING MxNet::Executor::denoise, 96.319ms spent inside.
2023-03-04 00:56:30.387 *nis* 2148 Qt Debug: TensorRt::NetworkManager::freeNetworks
2023-03-04 00:56:30.387 *nis* 2148 Qt Debug: ENTERING MxNet::Executor::denoise.
2023-03-04 00:56:30.387 *nis* 2148 Qt Debug: MxNet::Executor::networkForwardLow  - gpu  true , autotune  false
2023-03-04 00:56:30.387 *nis* 2148 Qt Debug: MxNet::Executor::networkForwardLow  - image size ( 512 ,  512 ,  1 ), components  5 , num  1
2023-03-04 00:56:30.387 *nis* 2148 Qt Debug: MxNet::Executor::networkForwardLow  - tile size ( 512 ,  512 ,  1 )
2023-03-04 00:56:30.387 *nis* 2148 Qt Debug: MxNet::Executor::networkForwardLow  - number of tiles ( 1 ,  1 ,  1 )
2023-03-04 00:56:30.387 *nis* 2148 Qt Debug: MxNet::Executor::networkForwardLow  - overlap ( 32 ,  32 ,  0 )
2023-03-04 00:56:30.387 *nis* 2148 Qt Debug: MxNet::Executor::networkForwardLow  - total number of tiles  1 , blend  false
2023-03-04 00:56:30.387 *nis* 2148 Qt Debug: MxNet::Executor::networkForwardLow  - num tiles per request  1
2023-03-04 00:56:30.387 *nis* 2148 Qt Debug: MxNet::Executor::networkForwardLow  - processing tiles  0 - 1
2023-03-04 00:56:30.387 *nis* 26d0 Startup message : Denoise.ai Initialization.../
2023-03-04 00:56:30.467 *nis* 2148 Qt Debug: LEAVING MxNet::Executor::denoise, 79.991ms spent inside.
2023-03-04 00:56:30.467 *nis* 2148 Qt Debug: TensorRt::NetworkManager::freeNetworks
2023-03-04 00:56:30.467 *nis* 2148 Qt Debug: ENTERING MxNet::Executor::denoise.
2023-03-04 00:56:30.467 *nis* 2148 Qt Debug: MxNet::Executor::networkForwardLow  - gpu  true , autotune  false
2023-03-04 00:56:30.467 *nis* 2148 Qt Debug: MxNet::Executor::networkForwardLow  - image size ( 512 ,  512 ,  1 ), components  5 , num  1
2023-03-04 00:56:30.467 *nis* 2148 Qt Debug: MxNet::Executor::networkForwardLow  - tile size ( 512 ,  512 ,  1 )
2023-03-04 00:56:30.467 *nis* 2148 Qt Debug: MxNet::Executor::networkForwardLow  - number of tiles ( 1 ,  1 ,  1 )
2023-03-04 00:56:30.467 *nis* 2148 Qt Debug: MxNet::Executor::networkForwardLow  - overlap ( 32 ,  32 ,  0 )
2023-03-04 00:56:30.467 *nis* 2148 Qt Debug: MxNet::Executor::networkForwardLow  - total number of tiles  1 , blend  false
2023-03-04 00:56:30.467 *nis* 2148 Qt Debug: MxNet::Executor::networkForwardLow  - num tiles per request  1
2023-03-04 00:56:30.467 *nis* 2148 Qt Debug: MxNet::Executor::networkForwardLow  - processing tiles  0 - 1
2023-03-04 00:56:30.546 *nis* 2148 Qt Debug: LEAVING MxNet::Executor::denoise, 79.535ms spent inside.
2023-03-04 00:56:30.547 *nis* 2148 Qt Debug: TensorRt::NetworkManager::freeNetworks
2023-03-04 00:56:30.547 *nis* 2148 Qt Debug: ENTERING MxNet::Executor::denoise.
2023-03-04 00:56:30.547 *nis* 2148 Qt Debug: MxNet::Executor::networkForwardLow  - gpu  true , autotune  false
2023-03-04 00:56:30.547 *nis* 2148 Qt Debug: MxNet::Executor::networkForwardLow  - image size ( 512 ,  512 ,  1 ), components  5 , num  1
2023-03-04 00:56:30.547 *nis* 2148 Qt Debug: MxNet::Executor::networkForwardLow  - tile size ( 512 ,  512 ,  1 )
2023-03-04 00:56:30.547 *nis* 2148 Qt Debug: MxNet::Executor::networkForwardLow  - number of tiles ( 1 ,  1 ,  1 )
2023-03-04 00:56:30.547 *nis* 2148 Qt Debug: MxNet::Executor::networkForwardLow  - overlap ( 32 ,  32 ,  0 )
2023-03-04 00:56:30.547 *nis* 2148 Qt Debug: MxNet::Executor::networkForwardLow  - total number of tiles  1 , blend  false
2023-03-04 00:56:30.547 *nis* 2148 Qt Debug: MxNet::Executor::networkForwardLow  - num tiles per request  1
2023-03-04 00:56:30.547 *nis* 2148 Qt Debug: MxNet::Executor::networkForwardLow  - processing tiles  0 - 1
2023-03-04 00:56:30.626 *nis* 2148 Qt Debug: LEAVING MxNet::Executor::denoise, 79.745ms spent inside.
2023-03-04 00:56:30.629 *nis* 2148 Qt Debug: TensorRt::NetworkManager::freeNetworks
2023-03-04 00:56:30.629 *nis* 2148 Qt Debug: ENTERING MxNet::Executor::freeResource.
2023-03-04 00:56:30.631 *nis* 2148 Qt Debug: LEAVING MxNet::Executor::freeResource, 2.879ms spent inside.
2023-03-04 00:56:30.632 *nis* 2148 Qt Debug: ENTERING MxNet::Executor::initDenoiser.
2023-03-04 00:56:30.632 *nis* 2148 Qt Debug: MxNet::Executor::initNetworkLow  - gpu  true , autotune  false
2023-03-04 00:56:30.632 *nis* 2148 Qt Debug: MxNet::Executor::initNetworkLow  - trying number of tiles ( 1 ,  1 ,  1 )
2023-03-04 00:56:30.632 *nis* 2148 Qt Debug: MxNet::Executor::initNetworkLow  - trying tile size ( 1024 ,  1024 ,  1 )
2023-03-04 00:56:30.632 *nis* 2148 Qt Debug: MxNet::Executor::initNetworkLow  - estimate  4504682496  + margin  781542656  <=  16058424832
2023-03-04 00:56:30.651 *nis* 2148 Qt Debug: MxNet::Executor::initNetworkLow  - requirement  4506779648  + margin  390836864  <=  16058424832
2023-03-04 00:56:30.651 *nis* 2148 Qt Debug: MxNet::Executor::initNetworkLow  - tile size ( 1024 ,  1024 ,  1 )
2023-03-04 00:56:30.651 *nis* 2148 Qt Debug: MxNet::Executor::initNetworkLow  - number of tiles ( 1 ,  1 ,  1 )
2023-03-04 00:56:30.651 *nis* 2148 Qt Debug: MxNet::Executor::initNetworkLow  - shared memory  335544320
2023-03-04 00:56:30.654 *nis* 2148 Qt Debug: LEAVING MxNet::Executor::initDenoiser, 22.060ms spent inside.
2023-03-04 00:56:30.654 *nis* 2148 Qt Debug: ENTERING MxNet::Executor::denoise.
2023-03-04 00:56:30.654 *nis* 2148 Qt Debug: MxNet::Executor::networkForwardLow  - gpu  true , autotune  false
2023-03-04 00:56:30.654 *nis* 2148 Qt Debug: MxNet::Executor::networkForwardLow  - image size ( 1024 ,  1024 ,  1 ), components  5 , num  1
2023-03-04 00:56:30.654 *nis* 2148 Qt Debug: MxNet::Executor::networkForwardLow  - tile size ( 1024 ,  1024 ,  1 )
2023-03-04 00:56:30.654 *nis* 2148 Qt Debug: MxNet::Executor::networkForwardLow  - number of tiles ( 1 ,  1 ,  1 )
2023-03-04 00:56:30.654 *nis* 2148 Qt Debug: MxNet::Executor::networkForwardLow  - overlap ( 32 ,  32 ,  0 )
2023-03-04 00:56:30.654 *nis* 2148 Qt Debug: MxNet::Executor::networkForwardLow  - total number of tiles  1 , blend  false
2023-03-04 00:56:30.654 *nis* 2148 Qt Debug: MxNet::Executor::networkForwardLow  - num tiles per request  1
2023-03-04 00:56:30.654 *nis* 2148 Qt Debug: MxNet::Executor::networkForwardLow  - processing tiles  0 - 1
2023-03-04 00:56:30.903 *nis* 26d0 Startup message : Denoise.ai Initialization...-
2023-03-04 00:56:30.999 *nis* 2148 Qt Debug: LEAVING MxNet::Executor::denoise, 344.997ms spent inside.
2023-03-04 00:56:30.000 *nis* 2148 Qt Debug: TensorRt::NetworkManager::freeNetworks
2023-03-04 00:56:30.000 *nis* 2148 Qt Debug: ENTERING MxNet::Executor::denoise.
2023-03-04 00:56:30.000 *nis* 2148 Qt Debug: MxNet::Executor::networkForwardLow  - gpu  true , autotune  false
2023-03-04 00:56:30.000 *nis* 2148 Qt Debug: MxNet::Executor::networkForwardLow  - image size ( 1024 ,  1024 ,  1 ), components  5 , num  1
2023-03-04 00:56:30.000 *nis* 2148 Qt Debug: MxNet::Executor::networkForwardLow  - tile size ( 1024 ,  1024 ,  1 )
2023-03-04 00:56:30.000 *nis* 2148 Qt Debug: MxNet::Executor::networkForwardLow  - number of tiles ( 1 ,  1 ,  1 )
2023-03-04 00:56:30.000 *nis* 2148 Qt Debug: MxNet::Executor::networkForwardLow  - overlap ( 32 ,  32 ,  0 )
2023-03-04 00:56:30.000 *nis* 2148 Qt Debug: MxNet::Executor::networkForwardLow  - total number of tiles  1 , blend  false
2023-03-04 00:56:30.000 *nis* 2148 Qt Debug: MxNet::Executor::networkForwardLow  - num tiles per request  1
2023-03-04 00:56:30.000 *nis* 2148 Qt Debug: MxNet::Executor::networkForwardLow  - processing tiles  0 - 1
2023-03-04 00:56:31.292 *nis* 2148 Qt Debug: LEAVING MxNet::Executor::denoise, 291.768ms spent inside.
2023-03-04 00:56:31.292 *nis* 2148 Qt Debug: TensorRt::NetworkManager::freeNetworks
2023-03-04 00:56:31.292 *nis* 2148 Qt Debug: ENTERING MxNet::Executor::denoise.
2023-03-04 00:56:31.292 *nis* 2148 Qt Debug: MxNet::Executor::networkForwardLow  - gpu  true , autotune  false
2023-03-04 00:56:31.292 *nis* 2148 Qt Debug: MxNet::Executor::networkForwardLow  - image size ( 1024 ,  1024 ,  1 ), components  5 , num  1
2023-03-04 00:56:31.292 *nis* 2148 Qt Debug: MxNet::Executor::networkForwardLow  - tile size ( 1024 ,  1024 ,  1 )
2023-03-04 00:56:31.292 *nis* 2148 Qt Debug: MxNet::Executor::networkForwardLow  - number of tiles ( 1 ,  1 ,  1 )
2023-03-04 00:56:31.292 *nis* 2148 Qt Debug: MxNet::Executor::networkForwardLow  - overlap ( 32 ,  32 ,  0 )
2023-03-04 00:56:31.292 *nis* 2148 Qt Debug: MxNet::Executor::networkForwardLow  - total number of tiles  1 , blend  false
2023-03-04 00:56:31.292 *nis* 2148 Qt Debug: MxNet::Executor::networkForwardLow  - num tiles per request  1
2023-03-04 00:56:31.292 *nis* 2148 Qt Debug: MxNet::Executor::networkForwardLow  - processing tiles  0 - 1
2023-03-04 00:56:31.418 *nis* 26d0 Startup message : Denoise.ai Initialization...\
2023-03-04 00:56:31.583 *nis* 2148 Qt Debug: LEAVING MxNet::Executor::denoise, 291.547ms spent inside.
2023-03-04 00:56:31.583 *nis* 2148 Qt Debug: TensorRt::NetworkManager::freeNetworks
2023-03-04 00:56:31.583 *nis* 2148 Qt Debug: ENTERING MxNet::Executor::denoise.
2023-03-04 00:56:31.583 *nis* 2148 Qt Debug: MxNet::Executor::networkForwardLow  - gpu  true , autotune  false
2023-03-04 00:56:31.583 *nis* 2148 Qt Debug: MxNet::Executor::networkForwardLow  - image size ( 1024 ,  1024 ,  1 ), components  5 , num  1
2023-03-04 00:56:31.583 *nis* 2148 Qt Debug: MxNet::Executor::networkForwardLow  - tile size ( 1024 ,  1024 ,  1 )
2023-03-04 00:56:31.584 *nis* 2148 Qt Debug: MxNet::Executor::networkForwardLow  - number of tiles ( 1 ,  1 ,  1 )
2023-03-04 00:56:31.584 *nis* 2148 Qt Debug: MxNet::Executor::networkForwardLow  - overlap ( 32 ,  32 ,  0 )
2023-03-04 00:56:31.584 *nis* 2148 Qt Debug: MxNet::Executor::networkForwardLow  - total number of tiles  1 , blend  false
2023-03-04 00:56:31.584 *nis* 2148 Qt Debug: MxNet::Executor::networkForwardLow  - num tiles per request  1
2023-03-04 00:56:31.584 *nis* 2148 Qt Debug: MxNet::Executor::networkForwardLow  - processing tiles  0 - 1
2023-03-04 00:56:31.875 *nis* 2148 Qt Debug: LEAVING MxNet::Executor::denoise, 291.273ms spent inside.
2023-03-04 00:56:31.876 *nis* 26d0 Startup message : Denoise.ai Initialization...|
2023-03-04 00:56:31.877 *nis* 26d0 Startup message : Initializing camera...
2023-03-04 00:56:32.330 *nis* 26d0 Pinhole_Initialization() : 60.0, 1.2 = 0
2023-03-04 00:56:32.335 *nis* 26d0 A1_Open(), (A1 Grabber)
2023-03-04 00:56:59.745 *nis* 26d0 A1_Open() -> returned: -9, ErrMsg = " Error catched! A1ConfocalUnit->Initialize() failed. ErrCode[0x8004a00a]
[IA1ConfocalUnit::Initialize,Controller connection error. ] 
"
2023-03-04 00:56:59.747 *nis* 26d0 Threaded_A1_StopThreads_DoNotCloseA1() 37978.91
2023-03-04 00:56:59.747 *nis* 26d0 Threaded_A1_StopThreads_DoNotCloseA1() -> returned: 0 (call time: 0.83)
2023-03-04 00:57:10.423 *nis* 26d0 DMApi::Refresh() - begin
2023-03-04 00:57:10.426 *nis* 26d0 SIM allowed
2023-03-04 00:57:10.427 *nis* 26d0 SIM Offline not allowed
2023-03-04 00:57:10.427 *nis* 26d0 LX_MessageBox lpText = Nikon Confocal camera driver could not open camera device NikonA1Grabber! lpCaption = Error
2023-03-04 00:57:12.744 *nis* 26d0 LX_MessageBox return value = 2
2023-03-04 00:57:12.767 *nis* 26d0 Qt Debug: TensorRt::NetworkManager::freeNetworks
2023-03-04 00:57:12.767 *nis* 26d0 Qt Debug: Cuda::Device::~Device
2023-03-04 00:57:12.784 *nis* 26d0 Device Database connection closed: C:\ProgramData\Laboratory Imaging\Platform\DeviceDatabase_5_30.dat
2023-03-04 00:57:12.785 *nis* 26d0 Qt Debug: MxNet::NetworkManager::freeNetworks
2023-03-04 00:57:12.785 *nis* 26d0 Qt Debug: ENTERING MxNet::Executor::freeResource.
2023-03-04 00:57:12.791 *nis* 26d0 Qt Debug: LEAVING MxNet::Executor::freeResource, 5.302ms spent inside.
2023-03-04 00:57:12.791 *nis* 26d0 Qt Debug: MxNet::Executor::~Executor
2023-03-04 00:57:12.791 *nis* 26d0 Qt Debug: ENTERING MxNet::Executor::terminate.
2023-03-04 00:57:12.791 *nis* 26d0 Qt Debug: MxNet::Executor::terminate
2023-03-04 00:57:12.791 *nis* 37c8 Qt Debug: MxNet::Client::terminate
2023-03-04 00:57:12.791 *nis* 37c8 Qt Debug: MxNet::Client::disconnected
2023-03-04 00:57:12.846 *nis* 26d0 Qt Debug: MxNet::Client::waitForTerminated  - cannot terminate process gracefully
2023-03-04 00:57:12.846 *nis* 37c8 Qt Debug: MxNet::Client::~Client
2023-03-04 00:57:12.846 *nis* 37c8 Qt Warning: QProcess: Destroyed while process ("C:\\Program Files\\NIS-Elements\\v6_gnr_mxnet_process.exe") is still running.
2023-03-04 00:57:12.980 *nis* 26d0 Qt Debug: LEAVING MxNet::Executor::terminate, 189.374ms spent inside.
2023-03-04 00:57:12.980 *nis* 26d0 App modules logout start
2023-03-04 00:57:12.983 *nis* 26d0 App modules logout finish
2023-03-04 00:57:12.983 *nis* 26d0 Application result: FAILED - SETUP AND HW CONFIGURATION SELECTION USER
2023-03-04 00:57:12.983 *nis* 26d0 Qt Warning: QObject::killTimer: Timers cannot be stopped from another thread
2023-03-04 00:57:13.106 *nis* 26d0 WRAP:CLxWin3264Wrap::Disconnect - successfully disconnected
