2023-03-03 13:49:49.050 *nis* Log session started.
2023-03-03 13:49:49.050 *nis* 5160 RDTSC instruction NOT present.
2023-03-03 13:49:49.134 *nis* 5160 UpdateDDBObjectives() : Start.
2023-03-03 13:49:49.134 *nis* 5160 UpdateDDBObjectives() : End(2).
2023-03-03 13:49:49.156 *nis* 5160 WinMain() - Phase #00 (application start) - 13:49:49 - 267.36
2023-03-03 13:49:49.332 *nis* 5160 Qt Warning: Attribute Qt::AA_ShareOpenGLContexts must be set before QCoreApplication is created.
2023-03-03 13:49:49.332 *nis* 5160 ParseCommandLine() : C:\Program Files\NIS-Elements\nis_ar.exe
2023-03-03 13:49:49.333 *nis* 5160 CLxSchedulerSupport::GetRegistryValueString read SocketName: 
2023-03-03 13:49:49.333 *nis* 5160 ENTERING 'CLxRTTI::loadCatalog'
2023-03-03 13:49:49.335 *nis* 5160 LEAVING  'CLxRTTI::loadCatalog' 2.0ms spent inside
2023-03-03 13:49:49.335 *nis* 5160 ENTERING 'CLxRTTI::updateCatalog'
2023-03-03 13:49:49.437 *nis* 5160 ENTERING 'CLxRTTI::saveCatalog'
2023-03-03 13:49:49.437 *nis* 5160 Saving RTTI cache
2023-03-03 13:49:49.443 *nis* 5160 LEAVING  'CLxRTTI::saveCatalog' 6.0ms spent inside
2023-03-03 13:49:49.443 *nis* 5160 LEAVING  'CLxRTTI::updateCatalog' 108.0ms spent inside
2023-03-03 13:49:49.444 *nis* 5160 LX_LoadLibrary("C:\Program Files\NIS-Elements\v6_gnr_serializer_xml.dll") : OK
2023-03-03 13:49:49.446 *nis* 5160 IPCServer: Main thread awaiting client connection on \\.\pipe\NIS_ELEMENTS_ARE_RUNNING
2023-03-03 13:49:49.448 *nis* 5160 BIOS release date: 02/02/2022
2023-03-03 13:49:49.448 *nis* 5160 BIOS version: P61 v02.78
2023-03-03 13:49:49.448 *nis* 5160 System Manufacturer: HP
2023-03-03 13:49:49.448 *nis* 5160 System Product Name: HP Z4 G4 Workstation
2023-03-03 13:49:49.448 *nis* 5160 Operating System Name: Windows 10 Pro for Workstations
2023-03-03 13:49:49.448 *nis* 5160 Operating System Version: 10.0.19041.2364
2023-03-03 13:49:49.448 *nis* 5160 Cstates disable: TRUE
2023-03-03 13:49:49.449 *nis* 26e8 Qt Warning: QObject::startTimer: Timers can only be used with threads started with QThread
2023-03-03 13:49:49.449 *nis* 5160 LX_LoadLibrary("C:\Program Files\NIS-Elements\g5_docuset.dll") : OK
2023-03-03 13:49:49.460 *nis* 5160 GetSid succeded, user: Confocal, SID: S-1-5-21-156716595-2731499287-1200104426-1001
2023-03-03 13:49:49.467 *nis* 5160 Windows user: Confocal
2023-03-03 13:49:49.475 *nis* 5160 SearchAndLoadVendorModules: Application path: C:\Program Files\NIS-Elements\nis_ni?_*.dll
2023-03-03 13:49:49.476 *nis* 5160 VendorModuleAdd: nis_nii_assay_livedead.dll
2023-03-03 13:49:49.690 *nis* 5160 VendorModuleAdd: nis_nii_assay_NiiFilePart_TaskAcquireByName_Task.dll
2023-03-03 13:49:49.694 *nis* 5160 VendorModulesGeneralPlugin: Initializing plugin GeneralPlugin for version 5.3005 b1559
2023-03-03 13:49:49.694 *nis* 5160 LX_LoadLibrary("C:\Program Files\NIS-Elements\v6_gnr_system.dll") : OK
2023-03-03 13:49:49.695 *nis* 5160 LX_LoadLibrary("C:\Program Files\NIS-Elements\v6_w32_serializer_reg.dll") : OK
2023-03-03 13:49:49.696 *nis* 5160 LX_LoadLibrary("C:\Program Files\NIS-Elements\v6_gnr_support_gpu.dll") : OK
2023-03-03 13:49:49.958 *nis* 5160 Qt Debug: CL PERFORMANCE: device (Quadro RTX 5000), SP (3.4), DP (128.2)
2023-03-03 13:49:49.974 *nis* 5160 LX_LoadLibrary("C:\Program Files\NIS-Elements\g5_plugin_filters_v2.dll") : OK
2023-03-03 13:49:49.004 *nis* 5160 CExternalGameDeviceManager::RegisterPluginDeviceType, joystick registered for plugin: Filters - joystick
2023-03-03 13:49:49.004 *nis* 5160 CLxPluginManager::LoadModules("CLxModuleFilters2") : OK
2023-03-03 13:49:49.006 *nis* 5160 LX_LoadLibrary("C:\Program Files\NIS-Elements\g5_plugin_layers.dll") : OK
2023-03-03 13:49:49.006 *nis* 5160 CLxPluginManager::LoadModules("CLxModuleLayers") : OK
2023-03-03 13:49:49.008 *nis* 5160 LX_LoadLibrary("C:\Program Files\NIS-Elements\g5_plugin_Observation.dll") : OK
2023-03-03 13:49:49.008 *nis* 5160 CLxModuleObservation::CLxModuleObservation
2023-03-03 13:49:49.008 *nis* 5160 CLxPluginManager::LoadModules("CLxModuleObservation") : OK
2023-03-03 13:49:49.011 *nis* 5160 LX_LoadLibrary("C:\Program Files\NIS-Elements\g5_plugin_grainsize.dll") : OK
2023-03-03 13:49:49.012 *nis* 5160 CLxPluginManager::LoadModules("CLxModuleGrainSize") : OK
2023-03-03 13:49:50.013 *nis* 5160 LX_LoadLibrary("C:\Program Files\NIS-Elements\g5_plugin_sim.dll") : OK
2023-03-03 13:49:50.042 *nis* 5160 CLxPluginManager::LoadModules("CLxModuleSim") : OK
2023-03-03 13:49:50.044 *nis* 5160 LX_LoadLibrary("C:\Program Files\NIS-Elements\g5_plugin_storm_new.dll") : OK
2023-03-03 13:49:50.045 *nis* 5160 CLxPluginManager::LoadModules("CLxModuleStormNew") : OK
2023-03-03 13:49:50.046 *nis* 5160 LX_LoadLibrary("C:\Program Files\NIS-Elements\g5_plugin_fret.dll") : OK
2023-03-03 13:49:50.046 *nis* 5160 CLxPluginManager::LoadModules("CLxModuleFRET") : OK
2023-03-03 13:49:50.048 *nis* 5160 LX_LoadLibrary("C:\Program Files\NIS-Elements\g5_plugin_welding.dll") : OK
2023-03-03 13:49:50.048 *nis* 5160 CLxPluginManager::LoadModules("CLxModuleWelding") : OK
2023-03-03 13:49:50.049 *nis* 5160 LX_LoadLibrary("C:\Program Files\NIS-Elements\g5_plugin_01.dll") : OK
2023-03-03 13:49:50.049 *nis* 5160 CLxPluginManager::LoadModules("CLxModule01") : OK
2023-03-03 13:49:50.051 *nis* 5160 LX_LoadLibrary("C:\Program Files\NIS-Elements\g5_plugin_alveole_leonardo.dll") : OK
2023-03-03 13:49:50.051 *nis* 5160 CLxPluginManager::LoadModules("CLxModuleAlveoleLeonardo") : OK
2023-03-03 13:49:50.053 *nis* 5160 LX_LoadLibrary("C:\Program Files\NIS-Elements\g5_plugin_assay_cellproliferation.dll") : OK
2023-03-03 13:49:50.053 *nis* 5160 CLxPluginManager::LoadModules("CLxModuleAssayCellProliferation") : OK
2023-03-03 13:49:50.055 *nis* 5160 LX_LoadLibrary("C:\Program Files\NIS-Elements\g5_plugin_assay_ga.dll") : OK
2023-03-03 13:49:50.056 *nis* 5160 CLxPluginManager::LoadModules("CLxModuleAssayGa") : OK
2023-03-03 13:49:50.061 *nis* 5160 LX_LoadLibrary("C:\Program Files\NIS-Elements\g5_plugin_assay_ga3.dll") : OK
2023-03-03 13:49:50.063 *nis* 5160 CLxPluginManager::LoadModules("CLxModuleAssayGa3") : OK
2023-03-03 13:49:50.066 *nis* 5160 LX_LoadLibrary("C:\Program Files\NIS-Elements\g5_plugin_assay_ga_rgb.dll") : OK
2023-03-03 13:49:50.067 *nis* 5160 CLxPluginManager::LoadModules("CLxModuleAssayGaRgb") : OK
2023-03-03 13:49:50.068 *nis* 5160 LX_LoadLibrary("C:\Program Files\NIS-Elements\g5_plugin_assay_motilitytracking.dll") : OK
2023-03-03 13:49:50.068 *nis* 5160 CLxPluginManager::LoadModules("CLxModuleAssayMotilityTracking") : OK
2023-03-03 13:49:50.070 *nis* 5160 LX_LoadLibrary("C:\Program Files\NIS-Elements\g5_plugin_assay_oc.dll") : OK
2023-03-03 13:49:50.070 *nis* 5160 CLxPluginManager::LoadModules("CLxModuleAssayOc") : OK
2023-03-03 13:49:50.071 *nis* 5160 LX_LoadLibrary("C:\Program Files\NIS-Elements\g5_plugin_assay_outproc.dll") : OK
2023-03-03 13:49:50.071 *nis* 5160 CLxPluginManager::LoadModules("CLxModuleAssayOutProc") : OK
2023-03-03 13:49:50.073 *nis* 5160 LX_LoadLibrary("C:\Program Files\NIS-Elements\g5_plugin_assay_qintensity.dll") : OK
2023-03-03 13:49:50.073 *nis* 5160 CLxPluginManager::LoadModules("CLxModuleAssayQIntensity") : OK
2023-03-03 13:49:50.075 *nis* 5160 LX_LoadLibrary("C:\Program Files\NIS-Elements\g5_plugin_assay_spt.dll") : OK
2023-03-03 13:49:50.075 *nis* 5160 CLxPluginManager::LoadModules("CLxModuleAssaySingleParticleTracking") : OK
2023-03-03 13:49:50.076 *nis* 5160 LX_LoadLibrary("C:\Program Files\NIS-Elements\g5_plugin_assay_woundhealing.dll") : OK
2023-03-03 13:49:50.076 *nis* 5160 CLxPluginManager::LoadModules("CLxModuleAssayWoundHealing") : OK
2023-03-03 13:49:50.078 *nis* 5160 LX_LoadLibrary("C:\Program Files\NIS-Elements\g5_plugin_castiron.dll") : OK
2023-03-03 13:49:50.078 *nis* 5160 CLxPluginManager::LoadModules("CLxModuleCastIron") : OK
2023-03-03 13:49:50.080 *nis* 5160 LX_LoadLibrary("C:\Program Files\NIS-Elements\g5_plugin_optogenetics.dll") : OK
2023-03-03 13:49:50.080 *nis* 5160 CLxPluginManager::LoadModules("CLxModuleOptogenetics") : OK
2023-03-03 13:49:50.082 *nis* 5160 LX_LoadLibrary("C:\Program Files\NIS-Elements\g5_plugin_concrete.dll") : OK
2023-03-03 13:49:50.082 *nis* 5160 CExternalGameDeviceManager::RegisterPluginDeviceType, joystick registered for plugin: Concrete - joystick
2023-03-03 13:49:50.082 *nis* 5160 CLxPluginManager::LoadModules("CLxModuleConcrete") : OK
2023-03-03 13:49:50.095 *nis* 5160 LX_LoadLibrary("C:\Program Files\NIS-Elements\g5_plugin_confocal_new.dll") : OK
2023-03-03 13:49:50.099 *nis* 5160 CLxPluginManager::LoadModules("CLxModuleConfocalNew") : OK
2023-03-03 13:49:50.101 *nis* 5160 LX_LoadLibrary("C:\Program Files\NIS-Elements\g5_plugin_edf.dll") : OK
2023-03-03 13:49:50.102 *nis* 5160 CLxPluginManager::LoadModules("CLxModuleEDF") : OK
2023-03-03 13:49:50.103 *nis* 5160 LX_LoadLibrary("C:\Program Files\NIS-Elements\g5_plugin_denoise.dll") : OK
2023-03-03 13:49:50.104 *nis* 5160 CLxPluginManager::LoadModules("CLxModuleDenoise") : OK
2023-03-03 13:49:50.106 *nis* 5160 LX_LoadLibrary("C:\Program Files\NIS-Elements\g5_plugin_report.dll") : OK
2023-03-03 13:49:50.106 *nis* 5160 CLxPluginManager::LoadModules("CLxPluginReport") : OK
2023-03-03 13:49:50.108 *nis* 5160 LX_LoadLibrary("C:\Program Files\NIS-Elements\g5_plugin_deconv.dll") : OK
2023-03-03 13:49:50.108 *nis* 5160 CLxPluginManager::LoadModules("CLxModuleDeconv") : OK
2023-03-03 13:49:50.111 *nis* 5160 LX_LoadLibrary("C:\Program Files\NIS-Elements\g5_plugin_deeplearning.dll") : OK
2023-03-03 13:49:50.111 *nis* 5160 CLxPluginManager::LoadModules("CLxModuleDeepLearning") : OK
2023-03-03 13:49:50.113 *nis* 5160 LX_LoadLibrary("C:\Program Files\NIS-Elements\g5_plugin_LiveSR.dll") : OK
2023-03-03 13:49:50.113 *nis* 5160 CLxPluginManager::LoadModules("CLxModuleLiveSR") : OK
2023-03-03 13:49:50.170 *nis* 5160 License ID 2CC54E41 is used.
2023-03-03 13:49:50.358 *nis* 5160 CLxPluginManager::LoadModules() - module 'CLxModuleFilters2' not allowed by license.
2023-03-03 13:49:50.360 *nis* 5160 CLxPluginManager::LoadModules() - module 'CLxModuleLayers' not allowed by license.
2023-03-03 13:49:50.362 *nis* 5160 CLxModuleObservation::~CLxModuleObservation
2023-03-03 13:49:50.362 *nis* 5160 CLxPluginManager::LoadModules() - module 'CLxModuleObservation' not allowed by license.
2023-03-03 13:49:50.364 *nis* 5160 CLxPluginManager::LoadModules() - module 'CLxModuleGrainSize' not allowed by license.
2023-03-03 13:49:50.367 *nis* 5160 CLxPluginManager::LoadModules() - module 'CLxModuleFRET' not allowed by license.
2023-03-03 13:49:50.368 *nis* 5160 CLxPluginManager::LoadModules() - module 'CLxModuleWelding' not allowed by license.
2023-03-03 13:49:50.374 *nis* 5160 CLxPluginManager::LoadModules() - module 'CLxModuleAssayGaRgb' not allowed by license.
2023-03-03 13:49:50.379 *nis* 5160 CLxPluginManager::LoadModules() - module 'CLxModuleAssaySingleParticleTracking' not allowed by license.
2023-03-03 13:49:50.382 *nis* 5160 CLxPluginManager::LoadModules() - module 'CLxModuleCastIron' not allowed by license.
2023-03-03 13:49:50.383 *nis* 5160 CLxPluginManager::LoadModules() - module 'CLxModuleOptogenetics' not allowed by license.
2023-03-03 13:49:50.385 *nis* 5160 CLxPluginManager::LoadModules() - module 'CLxModuleConcrete' not allowed by license.
2023-03-03 13:49:50.388 *nis* 5160 CLxPluginManager::LoadModules() - module 'CLxModuleEDF' not allowed by license.
2023-03-03 13:49:50.393 *nis* 5160 CLxPluginManager::LoadModules() - module 'CLxModuleLiveSR' not allowed by license.
2023-03-03 13:49:50.395 *nis* 5160 CLxLocale::SetLangID(1033) : English
2023-03-03 13:49:50.515 *nis* 5160 SetLuciaVersion() : NIS-Elements AR; 5.30.05 (Build 1559) 64 bit
2023-03-03 13:49:50.519 *nis* 5160 LX_LoadLibrary("C:\Program Files\NIS-Elements\v6_gnr_reportobjects.dll") : OK
2023-03-03 13:49:50.521 *nis* 5160 LX_LoadLibrary("C:\Program Files\NIS-Elements\g5_metalo_support.dll") : OK
2023-03-03 13:49:50.664 *nis* 5160 Font Zoom: 1.00
2023-03-03 13:49:50.664 *nis* 5160 Font Zoom: 1.00
2023-03-03 13:49:50.688 *nis* 5160 Init color scheme: 2; Flat: 1
2023-03-03 13:49:50.725 *nis* 5160 LX_LoadLibrary("C:\Program Files\NIS-Elements\v6_gnr_imageformatmanager.dll") : OK
2023-03-03 13:49:50.728 *nis* 5160 LX_LoadLibrary("C:\Program Files\NIS-Elements\v6_gnr_imageformat_tif.dll") : OK
2023-03-03 13:49:50.728 *nis* 5160 CLxImageFormatManagerImpl::RegisterImageFormat("CLxImageFormatLSM") : OK
2023-03-03 13:49:50.728 *nis* 5160 CLxImageFormatManagerImpl::RegisterImageFormat("CLxImageFormatOMETIF") : Failed GetID(...)
2023-03-03 13:49:50.730 *nis* 5160 LX_LoadLibrary("C:\Program Files\NIS-Elements\v6_gnr_imageformat_nd2.dll") : OK
2023-03-03 13:49:50.730 *nis* 5160 CLxImageFormatManagerImpl::RegisterImageFormat("CLxImageFormatND2") : OK
2023-03-03 13:49:50.734 *nis* 5160 LX_LoadLibrary("C:\Program Files\NIS-Elements\v6_gnr_imageformat_ndp.dll") : OK
2023-03-03 13:49:50.734 *nis* 5160 CLxImageFormatManagerImpl::RegisterImageFormat("CLxImageFormatNDP") : OK
2023-03-03 13:49:50.736 *nis* 5160 LX_LoadLibrary("C:\Program Files\NIS-Elements\v6_gnr_imageformat_nef.dll") : OK
2023-03-03 13:49:50.772 *nis* 5160 CLxImageFormatManagerImpl::RegisterImageFormat("CLxImageFormatNEF") : OK
2023-03-03 13:49:50.772 *nis* 5160 LX_LoadLibrary("C:\Program Files\NIS-Elements\v6_gnr_imagefilecontainer.dll") : OK
2023-03-03 13:49:50.772 *nis* 5160 CLxImageFormatManagerImpl::RegisterImageFormat("CLxImageFormatContainer") : Failed GetID(...)
2023-03-03 13:49:50.774 *nis* 5160 LX_LoadLibrary("C:\Program Files\NIS-Elements\v6_w32_imageformat_avi.dll") : OK
2023-03-03 13:49:50.774 *nis* 5160 CLxImageFormatManagerImpl::RegisterImageFormat("CLxImageFormatAVI") : OK
2023-03-03 13:49:50.777 *nis* 5160 LX_LoadLibrary("C:\Program Files\NIS-Elements\v6_w32_imageformat_mov.dll") : OK
2023-03-03 13:49:50.777 *nis* 5160 WRAP:CLxWin3264Wrap::Connect - trying to connect ...
2023-03-03 13:49:50.935 *nis* 5160 WRAP:CLxWin3264Wrap::Connect - successfully connected
2023-03-03 13:49:50.956 *nis* 5160 WRAP:CLxWin3264Wrap::Disconnect - successfully disconnected
2023-03-03 13:49:50.956 *nis* 5160 CLxImageFormatManagerImpl::RegisterImageFormat("CLxImageFormatMov") : Failed GetID(...)
2023-03-03 13:49:50.962 *nis* 5160 LX_LoadLibrary("C:\Program Files\NIS-Elements\v6_w32_imageformat_mp4.dll") : OK
2023-03-03 13:49:50.962 *nis* 5160 CLxImageFormatManagerImpl::RegisterImageFormat("CLxImageFormatMP4") : OK
2023-03-03 13:49:50.964 *nis* 5160 LX_LoadLibrary("C:\Program Files\NIS-Elements\v6_gnr_imageformat_lim.dll") : OK
2023-03-03 13:49:50.964 *nis* 5160 CLxImageFormatManagerImpl::RegisterImageFormat("CLxImageFormatLIM") : OK
2023-03-03 13:49:50.968 *nis* 5160 LX_LoadLibrary("C:\Program Files\NIS-Elements\v6_gnr_imageformat_jp2.dll") : OK
2023-03-03 13:49:50.968 *nis* 5160 CLxImageFormatManagerImpl::RegisterImageFormat("CLxImageFormatND") : OK
2023-03-03 13:49:50.968 *nis* 5160 CLxImageFormatManagerImpl::RegisterImageFormat("CLxImageFormatJP2") : OK
2023-03-03 13:49:50.968 *nis* 5160 CLxImageFormatManagerImpl::RegisterImageFormat("CLxImageFormatTIF") : OK
2023-03-03 13:49:50.974 *nis* 5160 LX_LoadLibrary("C:\Program Files\NIS-Elements\v6_gnr_imageformat_ometiff.dll") : OK
2023-03-03 13:49:50.974 *nis* 5160 CLxImageFormatManagerImpl::RegisterImageFormat("CLxImageFormatOMETIFF") : OK
2023-03-03 13:49:50.990 *nis* 5160 LX_LoadLibrary("C:\Program Files\NIS-Elements\v6_gnr_imageformat_json.dll") : OK
2023-03-03 13:49:50.990 *nis* 5160 CLxImageFormatManagerImpl::RegisterImageFormat("CLxImageFormatJson") : OK
2023-03-03 13:49:50.992 *nis* 5160 LX_LoadLibrary("C:\Program Files\NIS-Elements\v6_gnr_imageformat_jpg2.dll") : OK
2023-03-03 13:49:50.992 *nis* 5160 CLxImageFormatManagerImpl::RegisterImageFormat("CLxImageFormatJPG") : OK
2023-03-03 13:49:50.001 *nis* 5160 LX_LoadLibrary("C:\Program Files\NIS-Elements\v6_w32_imageformat_lead.dll") : OK
2023-03-03 13:49:50.001 *nis* 5160 CLxImageFormatManagerImpl::RegisterImageFormat("CLxImageFormatGIF") : OK
2023-03-03 13:49:50.001 *nis* 5160 CLxImageFormatManagerImpl::RegisterImageFormat("CLxImageFormatBMP") : OK
2023-03-03 13:49:50.002 *nis* 5160 LX_LoadLibrary("C:\Program Files\NIS-Elements\v6_w32_imageformat_PNG.dll") : OK
2023-03-03 13:49:50.002 *nis* 5160 CLxImageFormatManagerImpl::RegisterImageFormat("CLxImageFormatPNG") : OK
2023-03-03 13:49:50.002 *nis* 5160 CLxImageFormatManagerImpl::RegisterImageFormat("CLxImageFormatPSD") : OK
2023-03-03 13:49:50.004 *nis* 5160 LX_LoadLibrary("C:\Program Files\NIS-Elements\v6_gnr_imageformat_ics.dll") : OK
2023-03-03 13:49:50.004 *nis* 5160 CLxImageFormatManagerImpl::RegisterImageFormat("CLxImageFormatICS") : OK
2023-03-03 13:49:50.005 *nis* 5160 LX_LoadLibrary("C:\Program Files\NIS-Elements\v6_gnr_imageformat_clipboard.dll") : OK
2023-03-03 13:49:50.005 *nis* 5160 CLxImageFormatManagerImpl::RegisterImageFormat("CLxImageFormatClipboard") : OK
2023-03-03 13:49:50.005 *nis* 5160 CLxImageFormatManagerImpl::RegisterImageFormat("CLxImageFormatDIB") : OK
2023-03-03 13:49:50.005 *nis* 5160 Startup message : Checking user rights...
2023-03-03 13:49:50.007 *nis* 5160 WinMain() - Phase #01 (before SelectGrabber()) - 13:49:50 - 1851.87
2023-03-03 13:49:50.007 *nis* 5160 Startup message : Restoring Database of Devices...
2023-03-03 13:49:50.008 *nis* 5160 Startup message : Initializing Device Database...
2023-03-03 13:49:50.011 *nis* 5160 Device Database connection opened: C:\ProgramData\Laboratory Imaging\Platform\DeviceDatabase_5_30.dat
2023-03-03 13:49:50.012 *nis* 5160 Device Database version 46 checked successfully
2023-03-03 13:49:50.013 *nis* 5160 Current system User ID is 1
2023-03-03 13:49:51.013 *nis* 5160 Current system HW Config ID is 1
2023-03-03 13:49:51.014 *nis* 5160 Current system Lightpath ID is 3
2023-03-03 13:49:51.027 *nis* 5160 DeviceDBAppHelper::GetHWConfigCameraString(): End - success...
2023-03-03 13:49:51.029 *nis* 5160 Startup message : Selecting Setup and Hardware Configuration...
2023-03-03 13:49:51.029 *nis* 3734 _DMv2_ CLxDeviceManagerv2::Init() - begin
2023-03-03 13:49:51.030 *nis* 3734 _DMv2_ CLxDeviceManagerv2::Init() - #3
2023-03-03 13:49:51.030 *nis* 3734 _DMv2_ CLxOpticalPathHWUnitsCatalog::LoadCatalog() - begin
2023-03-03 13:49:51.030 *nis* 5160 LX_LoadLibrary("C:\Program Files\NIS-Elements\v6_gnr_grabbermanager01.dll") : OK
2023-03-03 13:49:51.031 *nis* 5160 CLxGrabberManager01: Driver version OK. (CLxGrabberDriverGeneral, C:\Program Files\NIS-Elements\v6_gnr_grabbermanager01.dll)
2023-03-03 13:49:51.031 *nis* 5160 CLxGrabberManager01: Driver version OK. (CLxGrabberDriverA1New, C:\Program Files\NIS-Elements\g5_plugin_confocal_new.dll)
2023-03-03 13:49:51.031 *nis* 5160 CLxGrabberManager01: Driver version OK. (CLxGrabberDriverAndor, C:\Program Files\NIS-Elements\v6_w32_grabber_andor.dll)
2023-03-03 13:49:51.031 *nis* 5160 CLxGrabberManager01: Driver version OK. (CLxGrabberDriverImgsrc, C:\Program Files\NIS-Elements\v6_w32_grabber_imagingsource.dll)
2023-03-03 13:49:51.044 *nis* 5160 CLxGrabberManager01::GrabberDriverBan("CLxGrabberDriverImgsrc")
2023-03-03 13:49:51.045 *nis* 5160 _DMv2_ CLxDeviceManagerv2::ShowSetupAndHWConfigSelectionDialog()
2023-03-03 13:49:51.082 *nis* 5160 _DMv2_ CLxDeviceManagerv2_SetupSelectionDialogModel::SetupUi(): begin
2023-03-03 13:49:51.083 *nis* 5160 _DMv2_ CLxDeviceManagerv2_SetupSelectionDialogModel::CLxDeviceManagerv2_SetupSelectionDialogModel(): Creating model - begin
2023-03-03 13:49:51.083 *nis* 5160 _DMv2_ CLxDeviceManagerv2_SetupSelectionDialogModel::Update(): begin
2023-03-03 13:49:51.083 *nis* 5160 _DMv2_ CLxDeviceManagerv2_SetupSelectionDialogModel::clear(): Resetting model - begin: row count = 0.
2023-03-03 13:49:51.083 *nis* 5160 _DMv2_ CLxDeviceManagerv2_SetupSelectionDialogModel::clear(): Resetting model - end: row count = 0.
2023-03-03 13:49:51.085 *nis* 5160 _DMv2_ CLxDeviceManagerv2_SetupSelectionDialogModel::Update(): End - success...
2023-03-03 13:49:51.085 *nis* 5160 _DMv2_ CLxDeviceManagerv2_SetupSelectionDialogModel::CLxDeviceManagerv2_SetupSelectionDialogModel(): Creating model - end
2023-03-03 13:49:51.085 *nis* 5160 _DMv2_ CLxDeviceManagerv2_SetupSelectionDialogModel::CLxDeviceManagerv2_SetupSelectionDialogProperties(): Creating dialog properties.
2023-03-03 13:49:51.085 *nis* 5160 _DMv2_ CLxDeviceManagerv2_SetupSelectionDialog::SetContextProperty read NISShutdownSuccessful: 1
2023-03-03 13:49:51.085 *nis* 5160 _DMv2_ CLxDeviceManagerv2_SetupSelectionDialogProperties::GetModel(): Model valid: 1
2023-03-03 13:49:51.226 *nis* 5160 Qt Debug: Gui Zoom Changed to: 1
2023-03-03 13:49:51.231 *nis* 5160 _DMv2_ CLxDeviceManagerv2_SetupSelectionDialogProperties::GetModel(): Model valid: 1
2023-03-03 13:49:51.452 *nis* 5160 _DMv2_ CLxDeviceManagerv2_SetupSelectionDialogModel::SetupUi(): Setting current index - begin
2023-03-03 13:49:51.452 *nis* 5160 _DMv2_ CLxDeviceManagerv2_SetupSelectionDialogModel::SetupUi(): Setting current index to - 0
2023-03-03 13:49:51.452 *nis* 5160 Qt Debug: Current index: 0
2023-03-03 13:49:51.452 *nis* 5160 _DMv2_ CLxDeviceManagerv2_SetupSelectionDialogModel::SetupUi(): Setting current index to - 1
2023-03-03 13:49:51.455 *nis* 5160 Qt Debug: Current index: 1
2023-03-03 13:49:51.455 *nis* 5160 _DMv2_ CLxDeviceManagerv2_SetupSelectionDialogModel::SetupUi(): SetupUi - end
2023-03-03 13:49:52.684 *nis* 3734 _DMv2_ CLxOpticalPathHWUnitsCatalog::LoadCatalog() - end
2023-03-03 13:49:52.684 *nis* 3734 _DMv2_ CLxDeviceManagerv2::Init() - end
2023-03-03 13:49:54.601 *nis* 5160 Setting current system HW Config ID to 1
2023-03-03 13:49:54.602 *nis* 5160 DeviceDBAppHelper::GetHWConfigCameraString(): End - success...
2023-03-03 13:49:54.603 *nis* 5160 DeviceDBAppHelper::GetHWConfigCameraString(): End - success...
2023-03-03 13:49:54.603 *nis* 5160 Startup message : Running Nikon Ti: A1 - A1...
2023-03-03 13:49:54.604 *nis* 5160 Selected hardware configuration with GUID = {68e219b6-b601-4e2f-8463-37b6af786e9e} (Hardware configuration name = A1 - A1, Setup name = Nikon Ti
2023-03-03 13:49:54.609 *nis* 5160 CLxGrabberManager01::GrabberDriverCreate("CLxGrabberDriverA1New") : OK
2023-03-03 13:49:54.609 *nis* 5160 CLxGenProvider_Low : RecordConfocalMetaDataInNoDelay is not active (optimized for speed)
2023-03-03 13:49:54.609 *nis* 5160 CLxGenProvider_Low : DoNotRecordConfocalMetaDataInHWSequencer is not active (not good for fast framerate)
2023-03-03 13:49:54.609 *nis* 5160 CLxGenProvider_Low : RecordConfocalMetaDataFPSLimit is 31
2023-03-03 13:49:54.609 *nis* 5160 Startup message : Initializing camera...
2023-03-03 13:49:54.610 *nis* 5160 0 = CLxGrabberCoreA1New::set_state(-1) { old was -1 }
2023-03-03 13:49:54.759 *nis* 5160 Startup message : Denoise.ai Initialization...
2023-03-03 13:49:54.798 *nis* 482c Qt Debug: Cuda::Device::Device , id:  0
2023-03-03 13:49:54.851 *nis* 482c Qt Debug: Cuda::Device::Device , name:  Quadro RTX 5000
2023-03-03 13:49:54.851 *nis* 482c Qt Debug: Cuda::Device::Device , memory:  17179541504
2023-03-03 13:49:54.851 *nis* 482c Qt Debug: LiveDeepDenoiser::init  - initializing
2023-03-03 13:49:54.851 *nis* 482c Qt Debug: TensorRt::NetworkManager::freeNetworks
2023-03-03 13:49:54.851 *nis* 482c Qt Debug: MxNet::NetworkManager::freeNetworks
2023-03-03 13:49:54.851 *nis* 482c Qt Debug: ENTERING MxNet::Executor::Executor.
2023-03-03 13:49:54.851 *nis* 482c Qt Debug: MxNet::Executor::Executor  - gpu:  true , autotune:  false
2023-03-03 13:49:54.851 *nis* 482c Qt Debug: ENTERING MxNet::Executor::start.
2023-03-03 13:49:54.851 *nis* 482c Qt Debug: MxNet::Executor::start
2023-03-03 13:49:54.851 *nis* 482c Qt Debug: MxNet::Client::Client
2023-03-03 13:49:54.852 *nis* 37cc Qt Debug: MxNet::Client::start  - serverName:  "MxNet_Server_2038086692"
2023-03-03 13:49:54.862 *nis* 37cc Qt Debug: MxNet::Client::started
2023-03-03 13:49:54.958 *nis* 37cc Qt Debug: MxNet::Client::started  -  "listening on MxNet_Server_2038086692 in 473ms"
2023-03-03 13:49:54.958 *nis* 37cc Qt Debug: MxNet::Client::connected
2023-03-03 13:49:55.270 *nis* 5160 Startup message : Denoise.ai Initialization...-
2023-03-03 13:49:55.478 *nis* 482c Qt Debug: LEAVING MxNet::Executor::start, 626.317ms spent inside.
2023-03-03 13:49:55.478 *nis* 482c Qt Debug: LEAVING MxNet::Executor::Executor, 626.464ms spent inside.
2023-03-03 13:49:55.523 *nis* 482c Qt Debug: ENTERING MxNet::Executor::initDenoiser.
2023-03-03 13:49:55.523 *nis* 482c Qt Debug: MxNet::Executor::initNetworkLow  - gpu  true , autotune  false
2023-03-03 13:49:55.523 *nis* 482c Qt Debug: MxNet::Executor::initNetworkLow  - trying number of tiles ( 1 ,  1 ,  1 )
2023-03-03 13:49:55.523 *nis* 482c Qt Debug: MxNet::Executor::initNetworkLow  - trying tile size ( 256 ,  256 ,  1 )
2023-03-03 13:49:55.523 *nis* 482c Qt Debug: MxNet::Executor::initNetworkLow  - estimate  281542656  + margin  140771328  <=  16030481920
2023-03-03 13:49:55.785 *nis* 5160 Startup message : Denoise.ai Initialization...\
2023-03-03 13:49:56.301 *nis* 5160 Startup message : Denoise.ai Initialization...|
2023-03-03 13:49:56.547 *nis* 482c Qt Debug: MxNet::Executor::initNetworkLow  - requirement  281018368  + margin  140509184  <=  16030481920
2023-03-03 13:49:56.547 *nis* 482c Qt Debug: MxNet::Executor::initNetworkLow  - tile size ( 256 ,  256 ,  1 )
2023-03-03 13:49:56.547 *nis* 482c Qt Debug: MxNet::Executor::initNetworkLow  - number of tiles ( 1 ,  1 ,  1 )
2023-03-03 13:49:56.547 *nis* 482c Qt Debug: MxNet::Executor::initNetworkLow  - shared memory  20971520
2023-03-03 13:49:56.547 *nis* 482c Qt Debug: LEAVING MxNet::Executor::initDenoiser, 1024.753ms spent inside.
2023-03-03 13:49:56.547 *nis* 482c Qt Debug: ENTERING MxNet::Executor::denoise.
2023-03-03 13:49:56.547 *nis* 482c Qt Debug: MxNet::Executor::networkForwardLow  - gpu  true , autotune  false
2023-03-03 13:49:56.548 *nis* 482c Qt Debug: MxNet::Executor::networkForwardLow  - image size ( 256 ,  256 ,  1 ), components  5 , num  1
2023-03-03 13:49:56.548 *nis* 482c Qt Debug: MxNet::Executor::networkForwardLow  - tile size ( 256 ,  256 ,  1 )
2023-03-03 13:49:56.548 *nis* 482c Qt Debug: MxNet::Executor::networkForwardLow  - number of tiles ( 1 ,  1 ,  1 )
2023-03-03 13:49:56.548 *nis* 482c Qt Debug: MxNet::Executor::networkForwardLow  - overlap ( 32 ,  32 ,  0 )
2023-03-03 13:49:56.548 *nis* 482c Qt Debug: MxNet::Executor::networkForwardLow  - total number of tiles  1 , blend  false
2023-03-03 13:49:56.548 *nis* 482c Qt Debug: MxNet::Executor::networkForwardLow  - num tiles per request  1
2023-03-03 13:49:56.548 *nis* 482c Qt Debug: MxNet::Executor::networkForwardLow  - processing tiles  0 - 1
2023-03-03 13:49:56.585 *nis* 482c Qt Debug: LEAVING MxNet::Executor::denoise, 37.576ms spent inside.
2023-03-03 13:49:56.587 *nis* 482c Qt Debug: LiveDeepDenoiser::init  - measuring performance
2023-03-03 13:49:56.587 *nis* 482c Qt Debug: TensorRt::NetworkManager::freeNetworks
2023-03-03 13:49:56.587 *nis* 482c Qt Debug: ENTERING MxNet::Executor::denoise.
2023-03-03 13:49:56.587 *nis* 482c Qt Debug: MxNet::Executor::networkForwardLow  - gpu  true , autotune  false
2023-03-03 13:49:56.587 *nis* 482c Qt Debug: MxNet::Executor::networkForwardLow  - image size ( 256 ,  256 ,  1 ), components  5 , num  1
2023-03-03 13:49:56.587 *nis* 482c Qt Debug: MxNet::Executor::networkForwardLow  - tile size ( 256 ,  256 ,  1 )
2023-03-03 13:49:56.587 *nis* 482c Qt Debug: MxNet::Executor::networkForwardLow  - number of tiles ( 1 ,  1 ,  1 )
2023-03-03 13:49:56.587 *nis* 482c Qt Debug: MxNet::Executor::networkForwardLow  - overlap ( 32 ,  32 ,  0 )
2023-03-03 13:49:56.587 *nis* 482c Qt Debug: MxNet::Executor::networkForwardLow  - total number of tiles  1 , blend  false
2023-03-03 13:49:56.587 *nis* 482c Qt Debug: MxNet::Executor::networkForwardLow  - num tiles per request  1
2023-03-03 13:49:56.587 *nis* 482c Qt Debug: MxNet::Executor::networkForwardLow  - processing tiles  0 - 1
2023-03-03 13:49:56.616 *nis* 482c Qt Debug: LEAVING MxNet::Executor::denoise, 28.588ms spent inside.
2023-03-03 13:49:56.616 *nis* 482c Qt Debug: TensorRt::NetworkManager::freeNetworks
2023-03-03 13:49:56.616 *nis* 482c Qt Debug: ENTERING MxNet::Executor::denoise.
2023-03-03 13:49:56.616 *nis* 482c Qt Debug: MxNet::Executor::networkForwardLow  - gpu  true , autotune  false
2023-03-03 13:49:56.616 *nis* 482c Qt Debug: MxNet::Executor::networkForwardLow  - image size ( 256 ,  256 ,  1 ), components  5 , num  1
2023-03-03 13:49:56.616 *nis* 482c Qt Debug: MxNet::Executor::networkForwardLow  - tile size ( 256 ,  256 ,  1 )
2023-03-03 13:49:56.616 *nis* 482c Qt Debug: MxNet::Executor::networkForwardLow  - number of tiles ( 1 ,  1 ,  1 )
2023-03-03 13:49:56.616 *nis* 482c Qt Debug: MxNet::Executor::networkForwardLow  - overlap ( 32 ,  32 ,  0 )
2023-03-03 13:49:56.616 *nis* 482c Qt Debug: MxNet::Executor::networkForwardLow  - total number of tiles  1 , blend  false
2023-03-03 13:49:56.616 *nis* 482c Qt Debug: MxNet::Executor::networkForwardLow  - num tiles per request  1
2023-03-03 13:49:56.616 *nis* 482c Qt Debug: MxNet::Executor::networkForwardLow  - processing tiles  0 - 1
2023-03-03 13:49:56.644 *nis* 482c Qt Debug: LEAVING MxNet::Executor::denoise, 28.462ms spent inside.
2023-03-03 13:49:56.644 *nis* 482c Qt Debug: TensorRt::NetworkManager::freeNetworks
2023-03-03 13:49:56.644 *nis* 482c Qt Debug: ENTERING MxNet::Executor::denoise.
2023-03-03 13:49:56.644 *nis* 482c Qt Debug: MxNet::Executor::networkForwardLow  - gpu  true , autotune  false
2023-03-03 13:49:56.645 *nis* 482c Qt Debug: MxNet::Executor::networkForwardLow  - image size ( 256 ,  256 ,  1 ), components  5 , num  1
2023-03-03 13:49:56.645 *nis* 482c Qt Debug: MxNet::Executor::networkForwardLow  - tile size ( 256 ,  256 ,  1 )
2023-03-03 13:49:56.645 *nis* 482c Qt Debug: MxNet::Executor::networkForwardLow  - number of tiles ( 1 ,  1 ,  1 )
2023-03-03 13:49:56.645 *nis* 482c Qt Debug: MxNet::Executor::networkForwardLow  - overlap ( 32 ,  32 ,  0 )
2023-03-03 13:49:56.645 *nis* 482c Qt Debug: MxNet::Executor::networkForwardLow  - total number of tiles  1 , blend  false
2023-03-03 13:49:56.645 *nis* 482c Qt Debug: MxNet::Executor::networkForwardLow  - num tiles per request  1
2023-03-03 13:49:56.645 *nis* 482c Qt Debug: MxNet::Executor::networkForwardLow  - processing tiles  0 - 1
2023-03-03 13:49:56.674 *nis* 482c Qt Debug: LEAVING MxNet::Executor::denoise, 29.392ms spent inside.
2023-03-03 13:49:56.674 *nis* 482c Qt Debug: TensorRt::NetworkManager::freeNetworks
2023-03-03 13:49:56.674 *nis* 482c Qt Debug: ENTERING MxNet::Executor::denoise.
2023-03-03 13:49:56.674 *nis* 482c Qt Debug: MxNet::Executor::networkForwardLow  - gpu  true , autotune  false
2023-03-03 13:49:56.674 *nis* 482c Qt Debug: MxNet::Executor::networkForwardLow  - image size ( 256 ,  256 ,  1 ), components  5 , num  1
2023-03-03 13:49:56.674 *nis* 482c Qt Debug: MxNet::Executor::networkForwardLow  - tile size ( 256 ,  256 ,  1 )
2023-03-03 13:49:56.674 *nis* 482c Qt Debug: MxNet::Executor::networkForwardLow  - number of tiles ( 1 ,  1 ,  1 )
2023-03-03 13:49:56.674 *nis* 482c Qt Debug: MxNet::Executor::networkForwardLow  - overlap ( 32 ,  32 ,  0 )
2023-03-03 13:49:56.674 *nis* 482c Qt Debug: MxNet::Executor::networkForwardLow  - total number of tiles  1 , blend  false
2023-03-03 13:49:56.674 *nis* 482c Qt Debug: MxNet::Executor::networkForwardLow  - num tiles per request  1
2023-03-03 13:49:56.674 *nis* 482c Qt Debug: MxNet::Executor::networkForwardLow  - processing tiles  0 - 1
2023-03-03 13:49:56.703 *nis* 482c Qt Debug: LEAVING MxNet::Executor::denoise, 28.605ms spent inside.
2023-03-03 13:49:56.704 *nis* 482c Qt Debug: TensorRt::NetworkManager::freeNetworks
2023-03-03 13:49:56.704 *nis* 482c Qt Debug: ENTERING MxNet::Executor::freeResource.
2023-03-03 13:49:56.706 *nis* 482c Qt Debug: LEAVING MxNet::Executor::freeResource, 2.153ms spent inside.
2023-03-03 13:49:56.706 *nis* 482c Qt Debug: ENTERING MxNet::Executor::initDenoiser.
2023-03-03 13:49:56.706 *nis* 482c Qt Debug: MxNet::Executor::initNetworkLow  - gpu  true , autotune  false
2023-03-03 13:49:56.706 *nis* 482c Qt Debug: MxNet::Executor::initNetworkLow  - trying number of tiles ( 1 ,  1 ,  1 )
2023-03-03 13:49:56.706 *nis* 482c Qt Debug: MxNet::Executor::initNetworkLow  - trying tile size ( 512 ,  512 ,  1 )
2023-03-03 13:49:56.706 *nis* 482c Qt Debug: MxNet::Executor::initNetworkLow  - estimate  1126170624  + margin  563085312  <=  16030481920
2023-03-03 13:49:56.724 *nis* 482c Qt Debug: MxNet::Executor::initNetworkLow  - requirement  1126170624  + margin  285192832  <=  16030481920
2023-03-03 13:49:56.724 *nis* 482c Qt Debug: MxNet::Executor::initNetworkLow  - tile size ( 512 ,  512 ,  1 )
2023-03-03 13:49:56.724 *nis* 482c Qt Debug: MxNet::Executor::initNetworkLow  - number of tiles ( 1 ,  1 ,  1 )
2023-03-03 13:49:56.724 *nis* 482c Qt Debug: MxNet::Executor::initNetworkLow  - shared memory  83886080
2023-03-03 13:49:56.725 *nis* 482c Qt Debug: LEAVING MxNet::Executor::initDenoiser, 18.823ms spent inside.
2023-03-03 13:49:56.725 *nis* 482c Qt Debug: ENTERING MxNet::Executor::denoise.
2023-03-03 13:49:56.725 *nis* 482c Qt Debug: MxNet::Executor::networkForwardLow  - gpu  true , autotune  false
2023-03-03 13:49:56.725 *nis* 482c Qt Debug: MxNet::Executor::networkForwardLow  - image size ( 512 ,  512 ,  1 ), components  5 , num  1
2023-03-03 13:49:56.725 *nis* 482c Qt Debug: MxNet::Executor::networkForwardLow  - tile size ( 512 ,  512 ,  1 )
2023-03-03 13:49:56.725 *nis* 482c Qt Debug: MxNet::Executor::networkForwardLow  - number of tiles ( 1 ,  1 ,  1 )
2023-03-03 13:49:56.725 *nis* 482c Qt Debug: MxNet::Executor::networkForwardLow  - overlap ( 32 ,  32 ,  0 )
2023-03-03 13:49:56.725 *nis* 482c Qt Debug: MxNet::Executor::networkForwardLow  - total number of tiles  1 , blend  false
2023-03-03 13:49:56.725 *nis* 482c Qt Debug: MxNet::Executor::networkForwardLow  - num tiles per request  1
2023-03-03 13:49:56.725 *nis* 482c Qt Debug: MxNet::Executor::networkForwardLow  - processing tiles  0 - 1
2023-03-03 13:49:56.816 *nis* 5160 Startup message : Denoise.ai Initialization.../
2023-03-03 13:49:56.824 *nis* 482c Qt Debug: LEAVING MxNet::Executor::denoise, 99.292ms spent inside.
2023-03-03 13:49:56.825 *nis* 482c Qt Debug: TensorRt::NetworkManager::freeNetworks
2023-03-03 13:49:56.825 *nis* 482c Qt Debug: ENTERING MxNet::Executor::denoise.
2023-03-03 13:49:56.825 *nis* 482c Qt Debug: MxNet::Executor::networkForwardLow  - gpu  true , autotune  false
2023-03-03 13:49:56.825 *nis* 482c Qt Debug: MxNet::Executor::networkForwardLow  - image size ( 512 ,  512 ,  1 ), components  5 , num  1
2023-03-03 13:49:56.825 *nis* 482c Qt Debug: MxNet::Executor::networkForwardLow  - tile size ( 512 ,  512 ,  1 )
2023-03-03 13:49:56.825 *nis* 482c Qt Debug: MxNet::Executor::networkForwardLow  - number of tiles ( 1 ,  1 ,  1 )
2023-03-03 13:49:56.825 *nis* 482c Qt Debug: MxNet::Executor::networkForwardLow  - overlap ( 32 ,  32 ,  0 )
2023-03-03 13:49:56.825 *nis* 482c Qt Debug: MxNet::Executor::networkForwardLow  - total number of tiles  1 , blend  false
2023-03-03 13:49:56.825 *nis* 482c Qt Debug: MxNet::Executor::networkForwardLow  - num tiles per request  1
2023-03-03 13:49:56.825 *nis* 482c Qt Debug: MxNet::Executor::networkForwardLow  - processing tiles  0 - 1
2023-03-03 13:49:56.905 *nis* 482c Qt Debug: LEAVING MxNet::Executor::denoise, 79.485ms spent inside.
2023-03-03 13:49:56.905 *nis* 482c Qt Debug: TensorRt::NetworkManager::freeNetworks
2023-03-03 13:49:56.905 *nis* 482c Qt Debug: ENTERING MxNet::Executor::denoise.
2023-03-03 13:49:56.905 *nis* 482c Qt Debug: MxNet::Executor::networkForwardLow  - gpu  true , autotune  false
2023-03-03 13:49:56.905 *nis* 482c Qt Debug: MxNet::Executor::networkForwardLow  - image size ( 512 ,  512 ,  1 ), components  5 , num  1
2023-03-03 13:49:56.905 *nis* 482c Qt Debug: MxNet::Executor::networkForwardLow  - tile size ( 512 ,  512 ,  1 )
2023-03-03 13:49:56.905 *nis* 482c Qt Debug: MxNet::Executor::networkForwardLow  - number of tiles ( 1 ,  1 ,  1 )
2023-03-03 13:49:56.905 *nis* 482c Qt Debug: MxNet::Executor::networkForwardLow  - overlap ( 32 ,  32 ,  0 )
2023-03-03 13:49:56.905 *nis* 482c Qt Debug: MxNet::Executor::networkForwardLow  - total number of tiles  1 , blend  false
2023-03-03 13:49:56.905 *nis* 482c Qt Debug: MxNet::Executor::networkForwardLow  - num tiles per request  1
2023-03-03 13:49:56.905 *nis* 482c Qt Debug: MxNet::Executor::networkForwardLow  - processing tiles  0 - 1
2023-03-03 13:49:56.983 *nis* 482c Qt Debug: LEAVING MxNet::Executor::denoise, 78.498ms spent inside.
2023-03-03 13:49:56.983 *nis* 482c Qt Debug: TensorRt::NetworkManager::freeNetworks
2023-03-03 13:49:56.983 *nis* 482c Qt Debug: ENTERING MxNet::Executor::denoise.
2023-03-03 13:49:56.983 *nis* 482c Qt Debug: MxNet::Executor::networkForwardLow  - gpu  true , autotune  false
2023-03-03 13:49:56.983 *nis* 482c Qt Debug: MxNet::Executor::networkForwardLow  - image size ( 512 ,  512 ,  1 ), components  5 , num  1
2023-03-03 13:49:56.983 *nis* 482c Qt Debug: MxNet::Executor::networkForwardLow  - tile size ( 512 ,  512 ,  1 )
2023-03-03 13:49:56.984 *nis* 482c Qt Debug: MxNet::Executor::networkForwardLow  - number of tiles ( 1 ,  1 ,  1 )
2023-03-03 13:49:56.984 *nis* 482c Qt Debug: MxNet::Executor::networkForwardLow  - overlap ( 32 ,  32 ,  0 )
2023-03-03 13:49:56.984 *nis* 482c Qt Debug: MxNet::Executor::networkForwardLow  - total number of tiles  1 , blend  false
2023-03-03 13:49:56.984 *nis* 482c Qt Debug: MxNet::Executor::networkForwardLow  - num tiles per request  1
2023-03-03 13:49:56.984 *nis* 482c Qt Debug: MxNet::Executor::networkForwardLow  - processing tiles  0 - 1
2023-03-03 13:49:57.062 *nis* 482c Qt Debug: LEAVING MxNet::Executor::denoise, 78.136ms spent inside.
2023-03-03 13:49:57.064 *nis* 482c Qt Debug: TensorRt::NetworkManager::freeNetworks
2023-03-03 13:49:57.064 *nis* 482c Qt Debug: ENTERING MxNet::Executor::freeResource.
2023-03-03 13:49:57.067 *nis* 482c Qt Debug: LEAVING MxNet::Executor::freeResource, 3.157ms spent inside.
2023-03-03 13:49:57.067 *nis* 482c Qt Debug: ENTERING MxNet::Executor::initDenoiser.
2023-03-03 13:49:57.067 *nis* 482c Qt Debug: MxNet::Executor::initNetworkLow  - gpu  true , autotune  false
2023-03-03 13:49:57.067 *nis* 482c Qt Debug: MxNet::Executor::initNetworkLow  - trying number of tiles ( 1 ,  1 ,  1 )
2023-03-03 13:49:57.067 *nis* 482c Qt Debug: MxNet::Executor::initNetworkLow  - trying tile size ( 1024 ,  1024 ,  1 )
2023-03-03 13:49:57.067 *nis* 482c Qt Debug: MxNet::Executor::initNetworkLow  - estimate  4504682496  + margin  781542656  <=  16030481920
2023-03-03 13:49:57.085 *nis* 482c Qt Debug: MxNet::Executor::initNetworkLow  - requirement  4506779648  + margin  390836864  <=  16030481920
2023-03-03 13:49:57.085 *nis* 482c Qt Debug: MxNet::Executor::initNetworkLow  - tile size ( 1024 ,  1024 ,  1 )
2023-03-03 13:49:57.085 *nis* 482c Qt Debug: MxNet::Executor::initNetworkLow  - number of tiles ( 1 ,  1 ,  1 )
2023-03-03 13:49:57.085 *nis* 482c Qt Debug: MxNet::Executor::initNetworkLow  - shared memory  335544320
2023-03-03 13:49:57.088 *nis* 482c Qt Debug: LEAVING MxNet::Executor::initDenoiser, 20.339ms spent inside.
2023-03-03 13:49:57.088 *nis* 482c Qt Debug: ENTERING MxNet::Executor::denoise.
2023-03-03 13:49:57.088 *nis* 482c Qt Debug: MxNet::Executor::networkForwardLow  - gpu  true , autotune  false
2023-03-03 13:49:57.088 *nis* 482c Qt Debug: MxNet::Executor::networkForwardLow  - image size ( 1024 ,  1024 ,  1 ), components  5 , num  1
2023-03-03 13:49:57.088 *nis* 482c Qt Debug: MxNet::Executor::networkForwardLow  - tile size ( 1024 ,  1024 ,  1 )
2023-03-03 13:49:57.088 *nis* 482c Qt Debug: MxNet::Executor::networkForwardLow  - number of tiles ( 1 ,  1 ,  1 )
2023-03-03 13:49:57.088 *nis* 482c Qt Debug: MxNet::Executor::networkForwardLow  - overlap ( 32 ,  32 ,  0 )
2023-03-03 13:49:57.088 *nis* 482c Qt Debug: MxNet::Executor::networkForwardLow  - total number of tiles  1 , blend  false
2023-03-03 13:49:57.088 *nis* 482c Qt Debug: MxNet::Executor::networkForwardLow  - num tiles per request  1
2023-03-03 13:49:57.088 *nis* 482c Qt Debug: MxNet::Executor::networkForwardLow  - processing tiles  0 - 1
2023-03-03 13:49:57.332 *nis* 5160 Startup message : Denoise.ai Initialization...-
2023-03-03 13:49:57.431 *nis* 482c Qt Debug: LEAVING MxNet::Executor::denoise, 343.153ms spent inside.
2023-03-03 13:49:57.432 *nis* 482c Qt Debug: TensorRt::NetworkManager::freeNetworks
2023-03-03 13:49:57.432 *nis* 482c Qt Debug: ENTERING MxNet::Executor::denoise.
2023-03-03 13:49:57.432 *nis* 482c Qt Debug: MxNet::Executor::networkForwardLow  - gpu  true , autotune  false
2023-03-03 13:49:57.432 *nis* 482c Qt Debug: MxNet::Executor::networkForwardLow  - image size ( 1024 ,  1024 ,  1 ), components  5 , num  1
2023-03-03 13:49:57.432 *nis* 482c Qt Debug: MxNet::Executor::networkForwardLow  - tile size ( 1024 ,  1024 ,  1 )
2023-03-03 13:49:57.432 *nis* 482c Qt Debug: MxNet::Executor::networkForwardLow  - number of tiles ( 1 ,  1 ,  1 )
2023-03-03 13:49:57.432 *nis* 482c Qt Debug: MxNet::Executor::networkForwardLow  - overlap ( 32 ,  32 ,  0 )
2023-03-03 13:49:57.432 *nis* 482c Qt Debug: MxNet::Executor::networkForwardLow  - total number of tiles  1 , blend  false
2023-03-03 13:49:57.432 *nis* 482c Qt Debug: MxNet::Executor::networkForwardLow  - num tiles per request  1
2023-03-03 13:49:57.432 *nis* 482c Qt Debug: MxNet::Executor::networkForwardLow  - processing tiles  0 - 1
2023-03-03 13:49:57.723 *nis* 482c Qt Debug: LEAVING MxNet::Executor::denoise, 290.659ms spent inside.
2023-03-03 13:49:57.723 *nis* 482c Qt Debug: TensorRt::NetworkManager::freeNetworks
2023-03-03 13:49:57.723 *nis* 482c Qt Debug: ENTERING MxNet::Executor::denoise.
2023-03-03 13:49:57.723 *nis* 482c Qt Debug: MxNet::Executor::networkForwardLow  - gpu  true , autotune  false
2023-03-03 13:49:57.723 *nis* 482c Qt Debug: MxNet::Executor::networkForwardLow  - image size ( 1024 ,  1024 ,  1 ), components  5 , num  1
2023-03-03 13:49:57.723 *nis* 482c Qt Debug: MxNet::Executor::networkForwardLow  - tile size ( 1024 ,  1024 ,  1 )
2023-03-03 13:49:57.723 *nis* 482c Qt Debug: MxNet::Executor::networkForwardLow  - number of tiles ( 1 ,  1 ,  1 )
2023-03-03 13:49:57.723 *nis* 482c Qt Debug: MxNet::Executor::networkForwardLow  - overlap ( 32 ,  32 ,  0 )
2023-03-03 13:49:57.723 *nis* 482c Qt Debug: MxNet::Executor::networkForwardLow  - total number of tiles  1 , blend  false
2023-03-03 13:49:57.723 *nis* 482c Qt Debug: MxNet::Executor::networkForwardLow  - num tiles per request  1
2023-03-03 13:49:57.723 *nis* 482c Qt Debug: MxNet::Executor::networkForwardLow  - processing tiles  0 - 1
2023-03-03 13:49:57.847 *nis* 5160 Startup message : Denoise.ai Initialization...\
2023-03-03 13:49:58.014 *nis* 482c Qt Debug: LEAVING MxNet::Executor::denoise, 291.128ms spent inside.
2023-03-03 13:49:58.014 *nis* 482c Qt Debug: TensorRt::NetworkManager::freeNetworks
2023-03-03 13:49:58.014 *nis* 482c Qt Debug: ENTERING MxNet::Executor::denoise.
2023-03-03 13:49:58.014 *nis* 482c Qt Debug: MxNet::Executor::networkForwardLow  - gpu  true , autotune  false
2023-03-03 13:49:58.014 *nis* 482c Qt Debug: MxNet::Executor::networkForwardLow  - image size ( 1024 ,  1024 ,  1 ), components  5 , num  1
2023-03-03 13:49:58.014 *nis* 482c Qt Debug: MxNet::Executor::networkForwardLow  - tile size ( 1024 ,  1024 ,  1 )
2023-03-03 13:49:58.014 *nis* 482c Qt Debug: MxNet::Executor::networkForwardLow  - number of tiles ( 1 ,  1 ,  1 )
2023-03-03 13:49:58.014 *nis* 482c Qt Debug: MxNet::Executor::networkForwardLow  - overlap ( 32 ,  32 ,  0 )
2023-03-03 13:49:58.014 *nis* 482c Qt Debug: MxNet::Executor::networkForwardLow  - total number of tiles  1 , blend  false
2023-03-03 13:49:58.014 *nis* 482c Qt Debug: MxNet::Executor::networkForwardLow  - num tiles per request  1
2023-03-03 13:49:58.014 *nis* 482c Qt Debug: MxNet::Executor::networkForwardLow  - processing tiles  0 - 1
2023-03-03 13:49:58.305 *nis* 482c Qt Debug: LEAVING MxNet::Executor::denoise, 290.739ms spent inside.
2023-03-03 13:49:58.307 *nis* 5160 Startup message : Denoise.ai Initialization...|
2023-03-03 13:49:58.308 *nis* 5160 Startup message : Initializing camera...
2023-03-03 13:49:58.767 *nis* 5160 Pinhole_Initialization() : 60.0, 1.2 = 0
2023-03-03 13:49:58.772 *nis* 5160 A1_Open(), (A1 Grabber)
2023-03-03 13:49:59.587 *nis* 5160 A1_Open() -> returned: -9, ErrMsg = " Error catched! A1ConfocalUnit->Initialize() failed. ErrCode[0x8004a803]
[IA1ConfocalUnit::Initialize,GigaChannel connection error.] 
"
2023-03-03 13:49:59.588 *nis* 5160 Threaded_A1_StopThreads_DoNotCloseA1() 10700.10
2023-03-03 13:49:59.589 *nis* 5160 Threaded_A1_StopThreads_DoNotCloseA1() -> returned: 0 (call time: 0.78)
2023-03-03 13:50:03.668 *nis* 5160 DMApi::Refresh() - begin
2023-03-03 13:50:03.672 *nis* 5160 SIM allowed
2023-03-03 13:50:03.673 *nis* 5160 SIM Offline not allowed
2023-03-03 13:50:03.673 *nis* 5160 LX_MessageBox lpText = Nikon Confocal camera driver could not open camera device NikonA1Grabber! lpCaption = Error
2023-03-03 13:50:06.508 *nis* 5160 LX_MessageBox return value = 2
2023-03-03 13:50:06.533 *nis* 5160 Qt Debug: TensorRt::NetworkManager::freeNetworks
2023-03-03 13:50:06.533 *nis* 5160 Qt Debug: Cuda::Device::~Device
2023-03-03 13:50:06.551 *nis* 5160 Device Database connection closed: C:\ProgramData\Laboratory Imaging\Platform\DeviceDatabase_5_30.dat
2023-03-03 13:50:06.551 *nis* 5160 Qt Debug: MxNet::NetworkManager::freeNetworks
2023-03-03 13:50:06.552 *nis* 5160 Qt Debug: ENTERING MxNet::Executor::freeResource.
2023-03-03 13:50:06.557 *nis* 5160 Qt Debug: LEAVING MxNet::Executor::freeResource, 5.839ms spent inside.
2023-03-03 13:50:06.557 *nis* 5160 Qt Debug: MxNet::Executor::~Executor
2023-03-03 13:50:06.558 *nis* 5160 Qt Debug: ENTERING MxNet::Executor::terminate.
2023-03-03 13:50:06.558 *nis* 5160 Qt Debug: MxNet::Executor::terminate
2023-03-03 13:50:06.558 *nis* 37cc Qt Debug: MxNet::Client::terminate
2023-03-03 13:50:06.558 *nis* 37cc Qt Debug: MxNet::Client::disconnected
2023-03-03 13:50:06.611 *nis* 5160 Qt Debug: MxNet::Client::waitForTerminated  - cannot terminate process gracefully
2023-03-03 13:50:06.611 *nis* 37cc Qt Debug: MxNet::Client::~Client
2023-03-03 13:50:06.611 *nis* 37cc Qt Warning: QProcess: Destroyed while process ("C:\\Program Files\\NIS-Elements\\v6_gnr_mxnet_process.exe") is still running.
2023-03-03 13:50:06.765 *nis* 5160 Qt Debug: LEAVING MxNet::Executor::terminate, 207.264ms spent inside.
2023-03-03 13:50:06.765 *nis* 5160 App modules logout start
2023-03-03 13:50:06.768 *nis* 5160 App modules logout finish
2023-03-03 13:50:06.768 *nis* 5160 Application result: FAILED - SETUP AND HW CONFIGURATION SELECTION USER
2023-03-03 13:50:06.768 *nis* 5160 Qt Warning: QObject::killTimer: Timers cannot be stopped from another thread
2023-03-03 13:50:06.885 *nis* 5160 WRAP:CLxWin3264Wrap::Disconnect - successfully disconnected
